{"/home/cjs/local/palantir/frontend/src/components/KubectlHint.tsx": {"path":"/home/cjs/local/palantir/frontend/src/components/KubectlHint.tsx","statementMap":{"0":{"start":{"line":16,"column":22},"end":{"line":16,"column":null}},"1":{"start":{"line":17,"column":15},"end":{"line":17,"column":null}},"2":{"start":{"line":19,"column":6},"end":{"line":117,"column":null}},"3":{"start":{"line":20,"column":15},"end":{"line":20,"column":41}},"4":{"start":{"line":21,"column":16},"end":{"line":21,"column":61}},"5":{"start":{"line":22,"column":20},"end":{"line":22,"column":65}},"6":{"start":{"line":23,"column":8},"end":{"line":23,"column":51}},"7":{"start":{"line":25,"column":8},"end":{"line":50,"column":null}},"8":{"start":{"line":26,"column":4},"end":{"line":26,"column":null}},"9":{"start":{"line":27,"column":4},"end":{"line":27,"column":null}},"10":{"start":{"line":27,"column":28},"end":{"line":27,"column":null}},"11":{"start":{"line":29,"column":17},"end":{"line":29,"column":58}},"12":{"start":{"line":30,"column":16},"end":{"line":30,"column":null}},"13":{"start":{"line":31,"column":16},"end":{"line":31,"column":null}},"14":{"start":{"line":34,"column":15},"end":{"line":34,"column":null}},"15":{"start":{"line":35,"column":4},"end":{"line":35,"column":null}},"16":{"start":{"line":38,"column":23},"end":{"line":38,"column":null}},"17":{"start":{"line":39,"column":23},"end":{"line":39,"column":null}},"18":{"start":{"line":40,"column":23},"end":{"line":40,"column":null}},"19":{"start":{"line":43,"column":4},"end":{"line":46,"column":null}},"20":{"start":{"line":44,"column":6},"end":{"line":44,"column":null}},"21":{"start":{"line":46,"column":6},"end":{"line":46,"column":null}},"22":{"start":{"line":49,"column":4},"end":{"line":49,"column":null}},"23":{"start":{"line":50,"column":4},"end":{"line":50,"column":null}},"24":{"start":{"line":53,"column":8},"end":{"line":55,"column":null}},"25":{"start":{"line":54,"column":4},"end":{"line":54,"column":null}},"26":{"start":{"line":55,"column":4},"end":{"line":55,"column":null}},"27":{"start":{"line":58,"column":8},"end":{"line":62,"column":null}},"28":{"start":{"line":59,"column":4},"end":{"line":59,"column":null}},"29":{"start":{"line":60,"column":4},"end":{"line":60,"column":null}},"30":{"start":{"line":61,"column":4},"end":{"line":61,"column":null}},"31":{"start":{"line":62,"column":4},"end":{"line":62,"column":null}},"32":{"start":{"line":62,"column":21},"end":{"line":62,"column":39}},"33":{"start":{"line":65,"column":18},"end":{"line":105,"column":null}},"34":{"start":{"line":81,"column":12},"end":{"line":99,"column":null}},"35":{"start":{"line":92,"column":34},"end":{"line":92,"column":65}},"36":{"start":{"line":107,"column":2},"end":{"line":117,"column":null}}},"fnMap":{"0":{"name":"(anonymous_0)","decl":{"start":{"line":19,"column":6},"end":{"line":19,"column":38}},"loc":{"start":{"line":19,"column":55},"end":{"line":117,"column":null}},"line":19},"1":{"name":"(anonymous_1)","decl":{"start":{"line":25,"column":8},"end":{"line":25,"column":16}},"loc":{"start":{"line":25,"column":40},"end":{"line":50,"column":null}},"line":25},"2":{"name":"(anonymous_2)","decl":{"start":{"line":53,"column":8},"end":{"line":53,"column":17}},"loc":{"start":{"line":53,"column":41},"end":{"line":55,"column":null}},"line":53},"3":{"name":"(anonymous_3)","decl":{"start":{"line":58,"column":8},"end":{"line":58,"column":22}},"loc":{"start":{"line":58,"column":76},"end":{"line":62,"column":null}},"line":58},"4":{"name":"(anonymous_4)","decl":{"start":{"line":62,"column":4},"end":{"line":62,"column":21}},"loc":{"start":{"line":62,"column":21},"end":{"line":62,"column":39}},"line":62},"5":{"name":"(anonymous_5)","decl":{"start":{"line":80,"column":20},"end":{"line":80,"column":25}},"loc":{"start":{"line":81,"column":12},"end":{"line":99,"column":null}},"line":81},"6":{"name":"(anonymous_6)","decl":{"start":{"line":92,"column":18},"end":{"line":92,"column":28}},"loc":{"start":{"line":92,"column":34},"end":{"line":92,"column":65}},"line":92}},"branchMap":{"0":{"loc":{"start":{"line":27,"column":4},"end":{"line":27,"column":null}},"type":"if","locations":[{"start":{"line":27,"column":4},"end":{"line":27,"column":null}},{"start":{},"end":{}}],"line":27},"1":{"loc":{"start":{"line":43,"column":4},"end":{"line":46,"column":null}},"type":"if","locations":[{"start":{"line":43,"column":4},"end":{"line":46,"column":null}},{"start":{"line":45,"column":11},"end":{"line":46,"column":null}}],"line":43},"2":{"loc":{"start":{"line":43,"column":8},"end":{"line":43,"column":62}},"type":"binary-expr","locations":[{"start":{"line":43,"column":8},"end":{"line":43,"column":36}},{"start":{"line":43,"column":36},"end":{"line":43,"column":62}}],"line":43},"3":{"loc":{"start":{"line":65,"column":18},"end":{"line":105,"column":null}},"type":"cond-expr","locations":[{"start":{"line":65,"column":25},"end":{"line":104,"column":null}},{"start":{"line":105,"column":6},"end":{"line":105,"column":null}}],"line":65},"4":{"loc":{"start":{"line":82,"column":15},"end":{"line":87,"column":15}},"type":"binary-expr","locations":[{"start":{"line":82,"column":15},"end":{"line":82,"column":null}},{"start":{"line":83,"column":16},"end":{"line":87,"column":15}}],"line":82},"5":{"loc":{"start":{"line":96,"column":19},"end":{"line":96,"column":null}},"type":"cond-expr","locations":[{"start":{"line":96,"column":39},"end":{"line":96,"column":62}},{"start":{"line":96,"column":61},"end":{"line":96,"column":null}}],"line":96}},"s":{"0":4,"1":4,"2":4,"3":50,"4":50,"5":50,"6":50,"7":50,"8":0,"9":0,"10":0,"11":0,"12":0,"13":0,"14":0,"15":0,"16":0,"17":0,"18":0,"19":0,"20":0,"21":0,"22":0,"23":0,"24":50,"25":0,"26":0,"27":50,"28":0,"29":0,"30":0,"31":0,"32":0,"33":50,"34":0,"35":0,"36":50},"f":{"0":50,"1":0,"2":0,"3":0,"4":0,"5":0,"6":0},"b":{"0":[0,0],"1":[0,0],"2":[0,0],"3":[0,50],"4":[0,0],"5":[0,0]},"meta":{"lastBranch":6,"lastFunction":7,"lastStatement":37,"seen":{"s:16:22:16:Infinity":0,"s:17:15:17:Infinity":1,"s:19:6:117:Infinity":2,"f:19:6:19:38":0,"s:20:15:20:41":3,"s:21:16:21:61":4,"s:22:20:22:65":5,"s:23:8:23:51":6,"s:25:8:50:Infinity":7,"f:25:8:25:16":1,"s:26:4:26:Infinity":8,"b:27:4:27:Infinity:undefined:undefined:undefined:undefined":0,"s:27:4:27:Infinity":9,"s:27:28:27:Infinity":10,"s:29:17:29:58":11,"s:30:16:30:Infinity":12,"s:31:16:31:Infinity":13,"s:34:15:34:Infinity":14,"s:35:4:35:Infinity":15,"s:38:23:38:Infinity":16,"s:39:23:39:Infinity":17,"s:40:23:40:Infinity":18,"b:43:4:46:Infinity:45:11:46:Infinity":1,"s:43:4:46:Infinity":19,"b:43:8:43:36:43:36:43:62":2,"s:44:6:44:Infinity":20,"s:46:6:46:Infinity":21,"s:49:4:49:Infinity":22,"s:50:4:50:Infinity":23,"s:53:8:55:Infinity":24,"f:53:8:53:17":2,"s:54:4:54:Infinity":25,"s:55:4:55:Infinity":26,"s:58:8:62:Infinity":27,"f:58:8:58:22":3,"s:59:4:59:Infinity":28,"s:60:4:60:Infinity":29,"s:61:4:61:Infinity":30,"s:62:4:62:Infinity":31,"f:62:4:62:21":4,"s:62:21:62:39":32,"s:65:18:105:Infinity":33,"b:65:25:104:Infinity:105:6:105:Infinity":3,"f:80:20:80:25":5,"s:81:12:99:Infinity":34,"b:82:15:82:Infinity:83:16:87:15":4,"f:92:18:92:28":6,"s:92:34:92:65":35,"b:96:39:96:62:96:61:96:Infinity":5,"s:107:2:117:Infinity":36}}}
,"/home/cjs/local/palantir/frontend/src/components/ResourceDetail.tsx": {"path":"/home/cjs/local/palantir/frontend/src/components/ResourceDetail.tsx","statementMap":{"0":{"start":{"line":24,"column":6},"end":{"line":27,"column":null}},"1":{"start":{"line":25,"column":2},"end":{"line":25,"column":null}},"2":{"start":{"line":25,"column":68},"end":{"line":25,"column":null}},"3":{"start":{"line":26,"column":2},"end":{"line":26,"column":null}},"4":{"start":{"line":26,"column":33},"end":{"line":26,"column":null}},"5":{"start":{"line":27,"column":2},"end":{"line":27,"column":null}},"6":{"start":{"line":30,"column":6},"end":{"line":365,"column":null}},"7":{"start":{"line":31,"column":18},"end":{"line":31,"column":52}},"8":{"start":{"line":32,"column":18},"end":{"line":32,"column":46}},"9":{"start":{"line":33,"column":20},"end":{"line":33,"column":87}},"10":{"start":{"line":35,"column":20},"end":{"line":35,"column":51}},"11":{"start":{"line":36,"column":22},"end":{"line":36,"column":52}},"12":{"start":{"line":37,"column":23},"end":{"line":37,"column":57}},"13":{"start":{"line":39,"column":27},"end":{"line":39,"column":69}},"14":{"start":{"line":40,"column":26},"end":{"line":40,"column":67}},"15":{"start":{"line":41,"column":24},"end":{"line":41,"column":63}},"16":{"start":{"line":43,"column":29},"end":{"line":43,"column":65}},"17":{"start":{"line":46,"column":21},"end":{"line":46,"column":64}},"18":{"start":{"line":47,"column":22},"end":{"line":47,"column":55}},"19":{"start":{"line":48,"column":30},"end":{"line":48,"column":75}},"20":{"start":{"line":51,"column":21},"end":{"line":51,"column":58}},"21":{"start":{"line":52,"column":22},"end":{"line":52,"column":55}},"22":{"start":{"line":54,"column":2},"end":{"line":57,"column":null}},"23":{"start":{"line":55,"column":4},"end":{"line":55,"column":null}},"24":{"start":{"line":56,"column":4},"end":{"line":56,"column":null}},"25":{"start":{"line":56,"column":44},"end":{"line":56,"column":null}},"26":{"start":{"line":59,"column":28},"end":{"line":79,"column":null}},"27":{"start":{"line":60,"column":4},"end":{"line":60,"column":null}},"28":{"start":{"line":61,"column":4},"end":{"line":79,"column":null}},"29":{"start":{"line":62,"column":19},"end":{"line":65,"column":8}},"30":{"start":{"line":66,"column":6},"end":{"line":66,"column":null}},"31":{"start":{"line":67,"column":6},"end":{"line":67,"column":null}},"32":{"start":{"line":69,"column":6},"end":{"line":74,"column":null}},"33":{"start":{"line":70,"column":23},"end":{"line":70,"column":44}},"34":{"start":{"line":71,"column":18},"end":{"line":71,"column":null}},"35":{"start":{"line":72,"column":8},"end":{"line":72,"column":null}},"36":{"start":{"line":73,"column":8},"end":{"line":73,"column":null}},"37":{"start":{"line":74,"column":8},"end":{"line":74,"column":null}},"38":{"start":{"line":77,"column":6},"end":{"line":77,"column":null}},"39":{"start":{"line":79,"column":6},"end":{"line":79,"column":null}},"40":{"start":{"line":83,"column":35},"end":{"line":88,"column":null}},"41":{"start":{"line":84,"column":4},"end":{"line":88,"column":null}},"42":{"start":{"line":85,"column":23},"end":{"line":85,"column":92}},"43":{"start":{"line":86,"column":6},"end":{"line":86,"column":null}},"44":{"start":{"line":88,"column":6},"end":{"line":88,"column":null}},"45":{"start":{"line":92,"column":26},"end":{"line":102,"column":null}},"46":{"start":{"line":93,"column":4},"end":{"line":93,"column":null}},"47":{"start":{"line":94,"column":4},"end":{"line":102,"column":null}},"48":{"start":{"line":95,"column":19},"end":{"line":97,"column":8}},"49":{"start":{"line":98,"column":6},"end":{"line":98,"column":null}},"50":{"start":{"line":100,"column":6},"end":{"line":100,"column":null}},"51":{"start":{"line":102,"column":6},"end":{"line":102,"column":null}},"52":{"start":{"line":106,"column":2},"end":{"line":108,"column":null}},"53":{"start":{"line":107,"column":4},"end":{"line":107,"column":null}},"54":{"start":{"line":107,"column":30},"end":{"line":107,"column":null}},"55":{"start":{"line":110,"column":25},"end":{"line":125,"column":null}},"56":{"start":{"line":111,"column":4},"end":{"line":113,"column":null}},"57":{"start":{"line":111,"column":10},"end":{"line":111,"column":49}},"58":{"start":{"line":112,"column":6},"end":{"line":112,"column":null}},"59":{"start":{"line":113,"column":6},"end":{"line":113,"column":null}},"60":{"start":{"line":115,"column":4},"end":{"line":115,"column":null}},"61":{"start":{"line":116,"column":10},"end":{"line":119,"column":6}},"62":{"start":{"line":120,"column":4},"end":{"line":125,"column":null}},"63":{"start":{"line":122,"column":23},"end":{"line":122,"column":48}},"64":{"start":{"line":122,"column":48},"end":{"line":122,"column":69}},"65":{"start":{"line":122,"column":69},"end":{"line":122,"column":82}},"66":{"start":{"line":122,"column":82},"end":{"line":122,"column":null}},"67":{"start":{"line":123,"column":22},"end":{"line":123,"column":null}},"68":{"start":{"line":124,"column":21},"end":{"line":124,"column":null}},"69":{"start":{"line":128,"column":28},"end":{"line":149,"column":null}},"70":{"start":{"line":129,"column":4},"end":{"line":129,"column":null}},"71":{"start":{"line":130,"column":10},"end":{"line":132,"column":6}},"72":{"start":{"line":134,"column":4},"end":{"line":149,"column":null}},"73":{"start":{"line":137,"column":8},"end":{"line":137,"column":null}},"74":{"start":{"line":138,"column":8},"end":{"line":138,"column":null}},"75":{"start":{"line":139,"column":8},"end":{"line":139,"column":null}},"76":{"start":{"line":140,"column":8},"end":{"line":140,"column":null}},"77":{"start":{"line":141,"column":8},"end":{"line":141,"column":null}},"78":{"start":{"line":144,"column":8},"end":{"line":144,"column":null}},"79":{"start":{"line":145,"column":23},"end":{"line":145,"column":34}},"80":{"start":{"line":146,"column":8},"end":{"line":146,"column":null}},"81":{"start":{"line":146,"column":68},"end":{"line":146,"column":null}},"82":{"start":{"line":147,"column":8},"end":{"line":147,"column":null}},"83":{"start":{"line":152,"column":33},"end":{"line":164,"column":null}},"84":{"start":{"line":153,"column":10},"end":{"line":155,"column":6}},"85":{"start":{"line":157,"column":4},"end":{"line":164,"column":null}},"86":{"start":{"line":160,"column":8},"end":{"line":160,"column":null}},"87":{"start":{"line":161,"column":8},"end":{"line":161,"column":null}},"88":{"start":{"line":163,"column":22},"end":{"line":163,"column":null}},"89":{"start":{"line":167,"column":27},"end":{"line":178,"column":null}},"90":{"start":{"line":168,"column":4},"end":{"line":168,"column":null}},"91":{"start":{"line":169,"column":10},"end":{"line":172,"column":6}},"92":{"start":{"line":173,"column":4},"end":{"line":178,"column":null}},"93":{"start":{"line":175,"column":23},"end":{"line":175,"column":61}},"94":{"start":{"line":175,"column":61},"end":{"line":175,"column":74}},"95":{"start":{"line":175,"column":74},"end":{"line":175,"column":null}},"96":{"start":{"line":176,"column":22},"end":{"line":176,"column":null}},"97":{"start":{"line":177,"column":21},"end":{"line":177,"column":null}},"98":{"start":{"line":181,"column":24},"end":{"line":193,"column":null}},"99":{"start":{"line":182,"column":4},"end":{"line":182,"column":null}},"100":{"start":{"line":182,"column":53},"end":{"line":182,"column":null}},"101":{"start":{"line":183,"column":4},"end":{"line":183,"column":null}},"102":{"start":{"line":184,"column":10},"end":{"line":187,"column":6}},"103":{"start":{"line":188,"column":4},"end":{"line":193,"column":null}},"104":{"start":{"line":190,"column":23},"end":{"line":190,"column":36}},"105":{"start":{"line":190,"column":36},"end":{"line":190,"column":57}},"106":{"start":{"line":190,"column":57},"end":{"line":190,"column":null}},"107":{"start":{"line":191,"column":22},"end":{"line":191,"column":null}},"108":{"start":{"line":192,"column":21},"end":{"line":192,"column":null}},"109":{"start":{"line":196,"column":23},"end":{"line":212,"column":null}},"110":{"start":{"line":197,"column":4},"end":{"line":200,"column":null}},"111":{"start":{"line":198,"column":6},"end":{"line":198,"column":null}},"112":{"start":{"line":199,"column":6},"end":{"line":199,"column":null}},"113":{"start":{"line":199,"column":23},"end":{"line":199,"column":47}},"114":{"start":{"line":200,"column":6},"end":{"line":200,"column":null}},"115":{"start":{"line":202,"column":4},"end":{"line":202,"column":null}},"116":{"start":{"line":203,"column":4},"end":{"line":203,"column":null}},"117":{"start":{"line":204,"column":10},"end":{"line":207,"column":6}},"118":{"start":{"line":208,"column":4},"end":{"line":212,"column":null}},"119":{"start":{"line":210,"column":23},"end":{"line":210,"column":36}},"120":{"start":{"line":210,"column":36},"end":{"line":210,"column":47}},"121":{"start":{"line":210,"column":47},"end":{"line":210,"column":null}},"122":{"start":{"line":211,"column":24},"end":{"line":211,"column":50}},"123":{"start":{"line":211,"column":50},"end":{"line":211,"column":null}},"124":{"start":{"line":215,"column":8},"end":{"line":231,"column":41}},"125":{"start":{"line":216,"column":4},"end":{"line":216,"column":null}},"126":{"start":{"line":216,"column":56},"end":{"line":216,"column":null}},"127":{"start":{"line":217,"column":50},"end":{"line":217,"column":52}},"128":{"start":{"line":218,"column":18},"end":{"line":218,"column":37}},"129":{"start":{"line":219,"column":23},"end":{"line":219,"column":null}},"130":{"start":{"line":220,"column":4},"end":{"line":228,"column":null}},"131":{"start":{"line":220,"column":17},"end":{"line":220,"column":20}},"132":{"start":{"line":221,"column":19},"end":{"line":221,"column":34}},"133":{"start":{"line":222,"column":6},"end":{"line":226,"column":null}},"134":{"start":{"line":222,"column":27},"end":{"line":222,"column":null}},"135":{"start":{"line":223,"column":15},"end":{"line":226,"column":null}},"136":{"start":{"line":224,"column":21},"end":{"line":224,"column":55}},"137":{"start":{"line":225,"column":22},"end":{"line":225,"column":null}},"138":{"start":{"line":226,"column":8},"end":{"line":226,"column":null}},"139":{"start":{"line":226,"column":40},"end":{"line":226,"column":null}},"140":{"start":{"line":228,"column":6},"end":{"line":228,"column":null}},"141":{"start":{"line":228,"column":48},"end":{"line":228,"column":null}},"142":{"start":{"line":230,"column":4},"end":{"line":230,"column":null}},"143":{"start":{"line":233,"column":20},"end":{"line":233,"column":98}},"144":{"start":{"line":235,"column":2},"end":{"line":365,"column":null}},"145":{"start":{"line":256,"column":37},"end":{"line":256,"column":55}},"146":{"start":{"line":282,"column":39},"end":{"line":282,"column":79}},"147":{"start":{"line":282,"column":79},"end":{"line":282,"column":120}},"148":{"start":{"line":291,"column":87},"end":{"line":291,"column":111}},"149":{"start":{"line":292,"column":122},"end":{"line":292,"column":145}},"150":{"start":{"line":293,"column":126},"end":{"line":293,"column":151}},"151":{"start":{"line":294,"column":121},"end":{"line":294,"column":145}},"152":{"start":{"line":302,"column":95},"end":{"line":302,"column":125}},"153":{"start":{"line":302,"column":371},"end":{"line":302,"column":390}},"154":{"start":{"line":304,"column":145},"end":{"line":304,"column":359}},"155":{"start":{"line":306,"column":140},"end":{"line":306,"column":516}},"156":{"start":{"line":323,"column":20},"end":{"line":338,"column":null}},"157":{"start":{"line":333,"column":51},"end":{"line":333,"column":115}},"158":{"start":{"line":334,"column":51},"end":{"line":334,"column":82}},"159":{"start":{"line":346,"column":323},"end":{"line":346,"column":358}},"160":{"start":{"line":346,"column":517},"end":{"line":346,"column":562}},"161":{"start":{"line":346,"column":703},"end":{"line":346,"column":746}},"162":{"start":{"line":361,"column":90},"end":{"line":361,"column":134}},"163":{"start":{"line":375,"column":6},"end":{"line":378,"column":null}},"164":{"start":{"line":376,"column":2},"end":{"line":378,"column":null}},"165":{"start":{"line":381,"column":6},"end":{"line":382,"column":null}},"166":{"start":{"line":382,"column":2},"end":{"line":382,"column":null}}},"fnMap":{"0":{"name":"(anonymous_0)","decl":{"start":{"line":24,"column":6},"end":{"line":24,"column":27}},"loc":{"start":{"line":24,"column":51},"end":{"line":27,"column":null}},"line":24},"1":{"name":"(anonymous_1)","decl":{"start":{"line":30,"column":6},"end":{"line":30,"column":41}},"loc":{"start":{"line":30,"column":138},"end":{"line":365,"column":null}},"line":30},"2":{"name":"(anonymous_2)","decl":{"start":{"line":54,"column":2},"end":{"line":54,"column":18}},"loc":{"start":{"line":54,"column":18},"end":{"line":57,"column":6}},"line":54},"3":{"name":"(anonymous_3)","decl":{"start":{"line":59,"column":28},"end":{"line":59,"column":40}},"loc":{"start":{"line":59,"column":40},"end":{"line":79,"column":null}},"line":59},"4":{"name":"(anonymous_4)","decl":{"start":{"line":83,"column":35},"end":{"line":83,"column":47}},"loc":{"start":{"line":83,"column":47},"end":{"line":88,"column":null}},"line":83},"5":{"name":"(anonymous_5)","decl":{"start":{"line":92,"column":26},"end":{"line":92,"column":38}},"loc":{"start":{"line":92,"column":38},"end":{"line":102,"column":null}},"line":92},"6":{"name":"(anonymous_6)","decl":{"start":{"line":106,"column":2},"end":{"line":106,"column":18}},"loc":{"start":{"line":106,"column":18},"end":{"line":108,"column":6}},"line":106},"7":{"name":"(anonymous_7)","decl":{"start":{"line":110,"column":25},"end":{"line":110,"column":37}},"loc":{"start":{"line":110,"column":37},"end":{"line":125,"column":null}},"line":110},"8":{"name":"(anonymous_8)","decl":{"start":{"line":122,"column":6},"end":{"line":122,"column":21}},"loc":{"start":{"line":122,"column":21},"end":{"line":122,"column":null}},"line":122},"9":{"name":"(anonymous_9)","decl":{"start":{"line":123,"column":6},"end":{"line":123,"column":14}},"loc":{"start":{"line":123,"column":22},"end":{"line":123,"column":null}},"line":123},"10":{"name":"(anonymous_10)","decl":{"start":{"line":124,"column":6},"end":{"line":124,"column":21}},"loc":{"start":{"line":124,"column":21},"end":{"line":124,"column":null}},"line":124},"11":{"name":"(anonymous_11)","decl":{"start":{"line":128,"column":28},"end":{"line":128,"column":40}},"loc":{"start":{"line":128,"column":40},"end":{"line":149,"column":null}},"line":128},"12":{"name":"(anonymous_12)","decl":{"start":{"line":136,"column":6},"end":{"line":136,"column":16}},"loc":{"start":{"line":136,"column":34},"end":{"line":141,"column":null}},"line":136},"13":{"name":"(anonymous_13)","decl":{"start":{"line":143,"column":6},"end":{"line":143,"column":14}},"loc":{"start":{"line":143,"column":22},"end":{"line":147,"column":null}},"line":143},"14":{"name":"(anonymous_14)","decl":{"start":{"line":152,"column":33},"end":{"line":152,"column":40}},"loc":{"start":{"line":152,"column":66},"end":{"line":164,"column":null}},"line":152},"15":{"name":"(anonymous_15)","decl":{"start":{"line":159,"column":6},"end":{"line":159,"column":21}},"loc":{"start":{"line":159,"column":21},"end":{"line":161,"column":null}},"line":159},"16":{"name":"(anonymous_16)","decl":{"start":{"line":163,"column":6},"end":{"line":163,"column":14}},"loc":{"start":{"line":163,"column":22},"end":{"line":163,"column":null}},"line":163},"17":{"name":"(anonymous_17)","decl":{"start":{"line":167,"column":27},"end":{"line":167,"column":39}},"loc":{"start":{"line":167,"column":39},"end":{"line":178,"column":null}},"line":167},"18":{"name":"(anonymous_18)","decl":{"start":{"line":175,"column":6},"end":{"line":175,"column":21}},"loc":{"start":{"line":175,"column":21},"end":{"line":175,"column":null}},"line":175},"19":{"name":"(anonymous_19)","decl":{"start":{"line":176,"column":6},"end":{"line":176,"column":14}},"loc":{"start":{"line":176,"column":22},"end":{"line":176,"column":null}},"line":176},"20":{"name":"(anonymous_20)","decl":{"start":{"line":177,"column":6},"end":{"line":177,"column":21}},"loc":{"start":{"line":177,"column":21},"end":{"line":177,"column":null}},"line":177},"21":{"name":"(anonymous_21)","decl":{"start":{"line":181,"column":24},"end":{"line":181,"column":36}},"loc":{"start":{"line":181,"column":36},"end":{"line":193,"column":null}},"line":181},"22":{"name":"(anonymous_22)","decl":{"start":{"line":190,"column":6},"end":{"line":190,"column":21}},"loc":{"start":{"line":190,"column":21},"end":{"line":190,"column":null}},"line":190},"23":{"name":"(anonymous_23)","decl":{"start":{"line":191,"column":6},"end":{"line":191,"column":14}},"loc":{"start":{"line":191,"column":22},"end":{"line":191,"column":null}},"line":191},"24":{"name":"(anonymous_24)","decl":{"start":{"line":192,"column":6},"end":{"line":192,"column":21}},"loc":{"start":{"line":192,"column":21},"end":{"line":192,"column":null}},"line":192},"25":{"name":"(anonymous_25)","decl":{"start":{"line":196,"column":23},"end":{"line":196,"column":35}},"loc":{"start":{"line":196,"column":35},"end":{"line":212,"column":null}},"line":196},"26":{"name":"(anonymous_26)","decl":{"start":{"line":199,"column":6},"end":{"line":199,"column":23}},"loc":{"start":{"line":199,"column":23},"end":{"line":199,"column":47}},"line":199},"27":{"name":"(anonymous_27)","decl":{"start":{"line":210,"column":6},"end":{"line":210,"column":21}},"loc":{"start":{"line":210,"column":21},"end":{"line":210,"column":null}},"line":210},"28":{"name":"(anonymous_28)","decl":{"start":{"line":211,"column":6},"end":{"line":211,"column":14}},"loc":{"start":{"line":211,"column":22},"end":{"line":211,"column":null}},"line":211},"29":{"name":"(anonymous_29)","decl":{"start":{"line":215,"column":18},"end":{"line":215,"column":32}},"loc":{"start":{"line":215,"column":32},"end":{"line":231,"column":6}},"line":215},"30":{"name":"(anonymous_30)","decl":{"start":{"line":256,"column":22},"end":{"line":256,"column":37}},"loc":{"start":{"line":256,"column":37},"end":{"line":256,"column":55}},"line":256},"31":{"name":"(anonymous_31)","decl":{"start":{"line":282,"column":22},"end":{"line":282,"column":37}},"loc":{"start":{"line":282,"column":37},"end":{"line":282,"column":120}},"line":282},"32":{"name":"(anonymous_32)","decl":{"start":{"line":291,"column":72},"end":{"line":291,"column":87}},"loc":{"start":{"line":291,"column":87},"end":{"line":291,"column":111}},"line":291},"33":{"name":"(anonymous_33)","decl":{"start":{"line":292,"column":107},"end":{"line":292,"column":122}},"loc":{"start":{"line":292,"column":122},"end":{"line":292,"column":145}},"line":292},"34":{"name":"(anonymous_34)","decl":{"start":{"line":293,"column":111},"end":{"line":293,"column":126}},"loc":{"start":{"line":293,"column":126},"end":{"line":293,"column":151}},"line":293},"35":{"name":"(anonymous_35)","decl":{"start":{"line":294,"column":106},"end":{"line":294,"column":121}},"loc":{"start":{"line":294,"column":121},"end":{"line":294,"column":145}},"line":294},"36":{"name":"(anonymous_36)","decl":{"start":{"line":302,"column":78},"end":{"line":302,"column":89}},"loc":{"start":{"line":302,"column":95},"end":{"line":302,"column":125}},"line":302},"37":{"name":"(anonymous_37)","decl":{"start":{"line":302,"column":356},"end":{"line":302,"column":371}},"loc":{"start":{"line":302,"column":371},"end":{"line":302,"column":390}},"line":302},"38":{"name":"(anonymous_38)","decl":{"start":{"line":304,"column":127},"end":{"line":304,"column":132}},"loc":{"start":{"line":304,"column":145},"end":{"line":304,"column":359}},"line":304},"39":{"name":"(anonymous_39)","decl":{"start":{"line":306,"column":125},"end":{"line":306,"column":130}},"loc":{"start":{"line":306,"column":140},"end":{"line":306,"column":516}},"line":306},"40":{"name":"(anonymous_40)","decl":{"start":{"line":322,"column":39},"end":{"line":322,"column":44}},"loc":{"start":{"line":323,"column":20},"end":{"line":338,"column":null}},"line":323},"41":{"name":"(anonymous_41)","decl":{"start":{"line":333,"column":36},"end":{"line":333,"column":51}},"loc":{"start":{"line":333,"column":51},"end":{"line":333,"column":115}},"line":333},"42":{"name":"(anonymous_42)","decl":{"start":{"line":334,"column":36},"end":{"line":334,"column":51}},"loc":{"start":{"line":334,"column":51},"end":{"line":334,"column":82}},"line":334},"43":{"name":"(anonymous_43)","decl":{"start":{"line":346,"column":308},"end":{"line":346,"column":323}},"loc":{"start":{"line":346,"column":323},"end":{"line":346,"column":358}},"line":346},"44":{"name":"(anonymous_44)","decl":{"start":{"line":346,"column":502},"end":{"line":346,"column":517}},"loc":{"start":{"line":346,"column":517},"end":{"line":346,"column":562}},"line":346},"45":{"name":"(anonymous_45)","decl":{"start":{"line":346,"column":688},"end":{"line":346,"column":703}},"loc":{"start":{"line":346,"column":703},"end":{"line":346,"column":746}},"line":346},"46":{"name":"(anonymous_46)","decl":{"start":{"line":361,"column":73},"end":{"line":361,"column":84}},"loc":{"start":{"line":361,"column":90},"end":{"line":361,"column":134}},"line":361},"47":{"name":"(anonymous_47)","decl":{"start":{"line":375,"column":6},"end":{"line":375,"column":21}},"loc":{"start":{"line":376,"column":2},"end":{"line":378,"column":null}},"line":376},"48":{"name":"(anonymous_48)","decl":{"start":{"line":381,"column":6},"end":{"line":381,"column":17}},"loc":{"start":{"line":382,"column":2},"end":{"line":382,"column":null}},"line":382}},"branchMap":{"0":{"loc":{"start":{"line":25,"column":2},"end":{"line":25,"column":null}},"type":"if","locations":[{"start":{"line":25,"column":2},"end":{"line":25,"column":null}},{"start":{},"end":{}}],"line":25},"1":{"loc":{"start":{"line":26,"column":2},"end":{"line":26,"column":null}},"type":"if","locations":[{"start":{"line":26,"column":2},"end":{"line":26,"column":null}},{"start":{},"end":{}}],"line":26},"2":{"loc":{"start":{"line":56,"column":4},"end":{"line":56,"column":null}},"type":"if","locations":[{"start":{"line":56,"column":4},"end":{"line":56,"column":null}},{"start":{},"end":{}}],"line":56},"3":{"loc":{"start":{"line":69,"column":6},"end":{"line":74,"column":null}},"type":"if","locations":[{"start":{"line":69,"column":6},"end":{"line":74,"column":null}},{"start":{},"end":{}}],"line":69},"4":{"loc":{"start":{"line":71,"column":18},"end":{"line":71,"column":null}},"type":"binary-expr","locations":[{"start":{"line":71,"column":18},"end":{"line":71,"column":43}},{"start":{"line":71,"column":43},"end":{"line":71,"column":null}}],"line":71},"5":{"loc":{"start":{"line":74,"column":25},"end":{"line":74,"column":86}},"type":"binary-expr","locations":[{"start":{"line":74,"column":25},"end":{"line":74,"column":57}},{"start":{"line":74,"column":57},"end":{"line":74,"column":84}},{"start":{"line":74,"column":84},"end":{"line":74,"column":86}}],"line":74},"6":{"loc":{"start":{"line":86,"column":29},"end":{"line":86,"column":59}},"type":"binary-expr","locations":[{"start":{"line":86,"column":29},"end":{"line":86,"column":57}},{"start":{"line":86,"column":57},"end":{"line":86,"column":59}}],"line":86},"7":{"loc":{"start":{"line":107,"column":4},"end":{"line":107,"column":null}},"type":"if","locations":[{"start":{"line":107,"column":4},"end":{"line":107,"column":null}},{"start":{},"end":{}}],"line":107},"8":{"loc":{"start":{"line":146,"column":8},"end":{"line":146,"column":null}},"type":"if","locations":[{"start":{"line":146,"column":8},"end":{"line":146,"column":null}},{"start":{},"end":{}}],"line":146},"9":{"loc":{"start":{"line":146,"column":12},"end":{"line":146,"column":66}},"type":"binary-expr","locations":[{"start":{"line":146,"column":12},"end":{"line":146,"column":34}},{"start":{"line":146,"column":38},"end":{"line":146,"column":66}}],"line":146},"10":{"loc":{"start":{"line":182,"column":4},"end":{"line":182,"column":null}},"type":"if","locations":[{"start":{"line":182,"column":4},"end":{"line":182,"column":null}},{"start":{},"end":{}}],"line":182},"11":{"loc":{"start":{"line":197,"column":4},"end":{"line":200,"column":null}},"type":"if","locations":[{"start":{"line":197,"column":4},"end":{"line":200,"column":null}},{"start":{},"end":{}}],"line":197},"12":{"loc":{"start":{"line":216,"column":4},"end":{"line":216,"column":null}},"type":"if","locations":[{"start":{"line":216,"column":4},"end":{"line":216,"column":null}},{"start":{},"end":{}}],"line":216},"13":{"loc":{"start":{"line":216,"column":8},"end":{"line":216,"column":56}},"type":"binary-expr","locations":[{"start":{"line":216,"column":8},"end":{"line":216,"column":20}},{"start":{"line":216,"column":20},"end":{"line":216,"column":56}}],"line":216},"14":{"loc":{"start":{"line":222,"column":6},"end":{"line":226,"column":null}},"type":"if","locations":[{"start":{"line":222,"column":6},"end":{"line":226,"column":null}},{"start":{"line":223,"column":15},"end":{"line":226,"column":null}}],"line":222},"15":{"loc":{"start":{"line":223,"column":15},"end":{"line":226,"column":null}},"type":"if","locations":[{"start":{"line":223,"column":15},"end":{"line":226,"column":null}},{"start":{},"end":{}}],"line":223},"16":{"loc":{"start":{"line":223,"column":15},"end":{"line":223,"column":57}},"type":"binary-expr","locations":[{"start":{"line":223,"column":15},"end":{"line":223,"column":31}},{"start":{"line":223,"column":31},"end":{"line":223,"column":57}}],"line":223},"17":{"loc":{"start":{"line":225,"column":22},"end":{"line":225,"column":null}},"type":"binary-expr","locations":[{"start":{"line":225,"column":22},"end":{"line":225,"column":40}},{"start":{"line":225,"column":44},"end":{"line":225,"column":null}}],"line":225},"18":{"loc":{"start":{"line":226,"column":8},"end":{"line":226,"column":null}},"type":"if","locations":[{"start":{"line":226,"column":8},"end":{"line":226,"column":null}},{"start":{},"end":{}}],"line":226},"19":{"loc":{"start":{"line":228,"column":6},"end":{"line":228,"column":null}},"type":"if","locations":[{"start":{"line":228,"column":6},"end":{"line":228,"column":null}},{"start":{},"end":{}}],"line":228},"20":{"loc":{"start":{"line":228,"column":10},"end":{"line":228,"column":48}},"type":"binary-expr","locations":[{"start":{"line":228,"column":10},"end":{"line":228,"column":26}},{"start":{"line":228,"column":26},"end":{"line":228,"column":41}},{"start":{"line":228,"column":41},"end":{"line":228,"column":48}}],"line":228},"21":{"loc":{"start":{"line":254,"column":11},"end":{"line":265,"column":null}},"type":"binary-expr","locations":[{"start":{"line":254,"column":11},"end":{"line":254,"column":null}},{"start":{"line":255,"column":12},"end":{"line":265,"column":null}}],"line":254},"22":{"loc":{"start":{"line":258,"column":160},"end":{"line":258,"column":null}},"type":"cond-expr","locations":[{"start":{"line":258,"column":187},"end":{"line":258,"column":251}},{"start":{"line":258,"column":251},"end":{"line":258,"column":null}}],"line":258},"23":{"loc":{"start":{"line":259,"column":19},"end":{"line":260,"column":42}},"type":"cond-expr","locations":[{"start":{"line":259,"column":46},"end":{"line":259,"column":96}},{"start":{"line":259,"column":95},"end":{"line":260,"column":42}}],"line":259},"24":{"loc":{"start":{"line":260,"column":19},"end":{"line":260,"column":null}},"type":"binary-expr","locations":[{"start":{"line":260,"column":19},"end":{"line":260,"column":47}},{"start":{"line":260,"column":47},"end":{"line":260,"column":null}}],"line":260},"25":{"loc":{"start":{"line":267,"column":11},"end":{"line":283,"column":null}},"type":"binary-expr","locations":[{"start":{"line":267,"column":11},"end":{"line":267,"column":null}},{"start":{"line":268,"column":12},"end":{"line":283,"column":null}}],"line":267},"26":{"loc":{"start":{"line":273,"column":20},"end":{"line":276,"column":22}},"type":"cond-expr","locations":[{"start":{"line":273,"column":57},"end":{"line":275,"column":null}},{"start":{"line":276,"column":20},"end":{"line":276,"column":22}}],"line":273},"27":{"loc":{"start":{"line":277,"column":20},"end":{"line":280,"column":null}},"type":"cond-expr","locations":[{"start":{"line":277,"column":87},"end":{"line":279,"column":null}},{"start":{"line":280,"column":20},"end":{"line":280,"column":null}}],"line":277},"28":{"loc":{"start":{"line":289,"column":7},"end":{"line":294,"column":null}},"type":"binary-expr","locations":[{"start":{"line":289,"column":7},"end":{"line":289,"column":null}},{"start":{"line":290,"column":8},"end":{"line":294,"column":null}}],"line":289},"29":{"loc":{"start":{"line":292,"column":11},"end":{"line":292,"column":null}},"type":"binary-expr","locations":[{"start":{"line":292,"column":11},"end":{"line":292,"column":49}},{"start":{"line":292,"column":49},"end":{"line":292,"column":null}}],"line":292},"30":{"loc":{"start":{"line":293,"column":11},"end":{"line":293,"column":null}},"type":"binary-expr","locations":[{"start":{"line":293,"column":11},"end":{"line":293,"column":49}},{"start":{"line":293,"column":49},"end":{"line":293,"column":null}}],"line":293},"31":{"loc":{"start":{"line":294,"column":11},"end":{"line":294,"column":null}},"type":"binary-expr","locations":[{"start":{"line":294,"column":11},"end":{"line":294,"column":49}},{"start":{"line":294,"column":49},"end":{"line":294,"column":null}}],"line":294},"32":{"loc":{"start":{"line":299,"column":9},"end":{"line":349,"column":null}},"type":"cond-expr","locations":[{"start":{"line":300,"column":10},"end":{"line":301,"column":null}},{"start":{"line":301,"column":12},"end":{"line":349,"column":null}}],"line":299},"33":{"loc":{"start":{"line":301,"column":12},"end":{"line":349,"column":null}},"type":"cond-expr","locations":[{"start":{"line":302,"column":10},"end":{"line":303,"column":26}},{"start":{"line":303,"column":12},"end":{"line":349,"column":null}}],"line":301},"34":{"loc":{"start":{"line":302,"column":799},"end":{"line":302,"column":null}},"type":"cond-expr","locations":[{"start":{"line":302,"column":814},"end":{"line":302,"column":864}},{"start":{"line":302,"column":863},"end":{"line":302,"column":null}}],"line":302},"35":{"loc":{"start":{"line":303,"column":12},"end":{"line":349,"column":null}},"type":"cond-expr","locations":[{"start":{"line":304,"column":10},"end":{"line":305,"column":26}},{"start":{"line":305,"column":12},"end":{"line":349,"column":null}}],"line":303},"36":{"loc":{"start":{"line":304,"column":286},"end":{"line":304,"column":332}},"type":"cond-expr","locations":[{"start":{"line":304,"column":307},"end":{"line":304,"column":327}},{"start":{"line":304,"column":327},"end":{"line":304,"column":332}}],"line":304},"37":{"loc":{"start":{"line":305,"column":12},"end":{"line":349,"column":null}},"type":"cond-expr","locations":[{"start":{"line":306,"column":10},"end":{"line":307,"column":26}},{"start":{"line":307,"column":12},"end":{"line":349,"column":null}}],"line":305},"38":{"loc":{"start":{"line":306,"column":96},"end":{"line":306,"column":752}},"type":"cond-expr","locations":[{"start":{"line":306,"column":117},"end":{"line":306,"column":516}},{"start":{"line":306,"column":519},"end":{"line":306,"column":752}}],"line":306},"39":{"loc":{"start":{"line":307,"column":12},"end":{"line":349,"column":null}},"type":"cond-expr","locations":[{"start":{"line":308,"column":10},"end":{"line":316,"column":11}},{"start":{"line":316,"column":10},"end":{"line":349,"column":null}}],"line":307},"40":{"loc":{"start":{"line":309,"column":13},"end":{"line":312,"column":null}},"type":"cond-expr","locations":[{"start":{"line":310,"column":14},"end":{"line":312,"column":15}},{"start":{"line":312,"column":14},"end":{"line":312,"column":null}}],"line":309},"41":{"loc":{"start":{"line":312,"column":135},"end":{"line":312,"column":193}},"type":"binary-expr","locations":[{"start":{"line":312,"column":135},"end":{"line":312,"column":149}},{"start":{"line":312,"column":149},"end":{"line":312,"column":193}}],"line":312},"42":{"loc":{"start":{"line":318,"column":13},"end":{"line":340,"column":null}},"type":"binary-expr","locations":[{"start":{"line":318,"column":13},"end":{"line":318,"column":null}},{"start":{"line":319,"column":14},"end":{"line":340,"column":null}}],"line":318},"43":{"loc":{"start":{"line":329,"column":99},"end":{"line":329,"column":194}},"type":"cond-expr","locations":[{"start":{"line":329,"column":124},"end":{"line":329,"column":159}},{"start":{"line":329,"column":159},"end":{"line":329,"column":194}}],"line":329},"44":{"loc":{"start":{"line":330,"column":25},"end":{"line":335,"column":null}},"type":"binary-expr","locations":[{"start":{"line":330,"column":25},"end":{"line":330,"column":null}},{"start":{"line":331,"column":26},"end":{"line":335,"column":null}}],"line":330},"45":{"loc":{"start":{"line":348,"column":341},"end":{"line":348,"column":446}},"type":"cond-expr","locations":[{"start":{"line":348,"column":355},"end":{"line":348,"column":405}},{"start":{"line":348,"column":404},"end":{"line":348,"column":446}}],"line":348},"46":{"loc":{"start":{"line":348,"column":432},"end":{"line":348,"column":null}},"type":"cond-expr","locations":[{"start":{"line":348,"column":446},"end":{"line":348,"column":470}},{"start":{"line":348,"column":470},"end":{"line":348,"column":null}}],"line":348},"47":{"loc":{"start":{"line":357,"column":7},"end":{"line":365,"column":null}},"type":"binary-expr","locations":[{"start":{"line":357,"column":7},"end":{"line":357,"column":21}},{"start":{"line":357,"column":21},"end":{"line":357,"column":null}},{"start":{"line":358,"column":8},"end":{"line":365,"column":null}}],"line":357},"48":{"loc":{"start":{"line":362,"column":13},"end":{"line":365,"column":null}},"type":"binary-expr","locations":[{"start":{"line":362,"column":13},"end":{"line":362,"column":null}},{"start":{"line":363,"column":14},"end":{"line":365,"column":null}}],"line":362},"49":{"loc":{"start":{"line":376,"column":90},"end":{"line":376,"column":null}},"type":"cond-expr","locations":[{"start":{"line":376,"column":99},"end":{"line":376,"column":200}},{"start":{"line":376,"column":200},"end":{"line":376,"column":null}}],"line":376},"50":{"loc":{"start":{"line":377,"column":100},"end":{"line":377,"column":148}},"type":"cond-expr","locations":[{"start":{"line":377,"column":109},"end":{"line":377,"column":126}},{"start":{"line":377,"column":126},"end":{"line":377,"column":148}}],"line":377},"51":{"loc":{"start":{"line":382,"column":126},"end":{"line":382,"column":192}},"type":"cond-expr","locations":[{"start":{"line":382,"column":135},"end":{"line":382,"column":152}},{"start":{"line":382,"column":152},"end":{"line":382,"column":192}}],"line":382},"52":{"loc":{"start":{"line":382,"column":199},"end":{"line":382,"column":null}},"type":"binary-expr","locations":[{"start":{"line":382,"column":199},"end":{"line":382,"column":209}},{"start":{"line":382,"column":209},"end":{"line":382,"column":null}}],"line":382}},"s":{"0":4,"1":0,"2":0,"3":0,"4":0,"5":0,"6":4,"7":28,"8":28,"9":28,"10":28,"11":28,"12":28,"13":28,"14":28,"15":28,"16":28,"17":28,"18":28,"19":28,"20":28,"21":28,"22":28,"23":8,"24":8,"25":3,"26":28,"27":8,"28":8,"29":8,"30":8,"31":8,"32":8,"33":0,"34":0,"35":0,"36":0,"37":0,"38":0,"39":8,"40":28,"41":3,"42":3,"43":3,"44":0,"45":28,"46":0,"47":0,"48":0,"49":0,"50":0,"51":0,"52":28,"53":10,"54":0,"55":28,"56":1,"57":1,"58":1,"59":1,"60":0,"61":0,"62":0,"63":0,"64":0,"65":0,"66":0,"67":0,"68":0,"69":28,"70":1,"71":1,"72":1,"73":0,"74":0,"75":0,"76":0,"77":0,"78":0,"79":0,"80":0,"81":0,"82":0,"83":28,"84":0,"85":0,"86":0,"87":0,"88":0,"89":28,"90":0,"91":0,"92":0,"93":0,"94":0,"95":0,"96":0,"97":0,"98":28,"99":0,"100":0,"101":0,"102":0,"103":0,"104":0,"105":0,"106":0,"107":0,"108":0,"109":28,"110":2,"111":1,"112":1,"113":0,"114":1,"115":1,"116":1,"117":1,"118":1,"119":0,"120":0,"121":0,"122":0,"123":0,"124":28,"125":14,"126":11,"127":3,"128":3,"129":3,"130":3,"131":3,"132":16,"133":16,"134":1,"135":15,"136":2,"137":2,"138":2,"139":2,"140":16,"141":1,"142":3,"143":28,"144":28,"145":1,"146":0,"147":0,"148":0,"149":1,"150":1,"151":0,"152":1,"153":0,"154":29,"155":2,"156":0,"157":0,"158":0,"159":0,"160":1,"161":0,"162":0,"163":4,"164":9,"165":4,"166":53},"f":{"0":0,"1":28,"2":8,"3":8,"4":3,"5":0,"6":10,"7":1,"8":0,"9":0,"10":0,"11":1,"12":0,"13":0,"14":0,"15":0,"16":0,"17":0,"18":0,"19":0,"20":0,"21":0,"22":0,"23":0,"24":0,"25":2,"26":0,"27":0,"28":0,"29":14,"30":1,"31":0,"32":0,"33":1,"34":1,"35":0,"36":1,"37":0,"38":29,"39":2,"40":0,"41":0,"42":0,"43":0,"44":1,"45":0,"46":0,"47":9,"48":53},"b":{"0":[0,0],"1":[0,0],"2":[3,5],"3":[0,8],"4":[0,0],"5":[0,0,0],"6":[3,3],"7":[0,10],"8":[0,0],"9":[0,0],"10":[0,0],"11":[1,1],"12":[11,3],"13":[14,7],"14":[1,15],"15":[2,13],"16":[15,5],"17":[2,0],"18":[2,0],"19":[1,15],"20":[16,6,1],"21":[28,26],"22":[1,25],"23":[1,25],"24":[26,1],"25":[28,26],"26":[11,15],"27":[0,26],"28":[28,26],"29":[26,11],"30":[26,11],"31":[26,11],"32":[10,18],"33":[2,16],"34":[0,2],"35":[12,4],"36":[23,6],"37":[1,3],"38":[1,0],"39":[0,3],"40":[0,0],"41":[0,0],"42":[3,0],"43":[0,0],"44":[0,0],"45":[1,2],"46":[1,2],"47":[28,26,0],"48":[0,0],"49":[3,6],"50":[3,6],"51":[23,30],"52":[53,23]},"meta":{"lastBranch":53,"lastFunction":49,"lastStatement":167,"seen":{"s:24:6:27:Infinity":0,"f:24:6:24:27":0,"b:25:2:25:Infinity:undefined:undefined:undefined:undefined":0,"s:25:2:25:Infinity":1,"s:25:68:25:Infinity":2,"b:26:2:26:Infinity:undefined:undefined:undefined:undefined":1,"s:26:2:26:Infinity":3,"s:26:33:26:Infinity":4,"s:27:2:27:Infinity":5,"s:30:6:365:Infinity":6,"f:30:6:30:41":1,"s:31:18:31:52":7,"s:32:18:32:46":8,"s:33:20:33:87":9,"s:35:20:35:51":10,"s:36:22:36:52":11,"s:37:23:37:57":12,"s:39:27:39:69":13,"s:40:26:40:67":14,"s:41:24:41:63":15,"s:43:29:43:65":16,"s:46:21:46:64":17,"s:47:22:47:55":18,"s:48:30:48:75":19,"s:51:21:51:58":20,"s:52:22:52:55":21,"s:54:2:57:Infinity":22,"f:54:2:54:18":2,"s:55:4:55:Infinity":23,"b:56:4:56:Infinity:undefined:undefined:undefined:undefined":2,"s:56:4:56:Infinity":24,"s:56:44:56:Infinity":25,"s:59:28:79:Infinity":26,"f:59:28:59:40":3,"s:60:4:60:Infinity":27,"s:61:4:79:Infinity":28,"s:62:19:65:8":29,"s:66:6:66:Infinity":30,"s:67:6:67:Infinity":31,"b:69:6:74:Infinity:undefined:undefined:undefined:undefined":3,"s:69:6:74:Infinity":32,"s:70:23:70:44":33,"s:71:18:71:Infinity":34,"b:71:18:71:43:71:43:71:Infinity":4,"s:72:8:72:Infinity":35,"s:73:8:73:Infinity":36,"s:74:8:74:Infinity":37,"b:74:25:74:57:74:57:74:84:74:84:74:86":5,"s:77:6:77:Infinity":38,"s:79:6:79:Infinity":39,"s:83:35:88:Infinity":40,"f:83:35:83:47":4,"s:84:4:88:Infinity":41,"s:85:23:85:92":42,"s:86:6:86:Infinity":43,"b:86:29:86:57:86:57:86:59":6,"s:88:6:88:Infinity":44,"s:92:26:102:Infinity":45,"f:92:26:92:38":5,"s:93:4:93:Infinity":46,"s:94:4:102:Infinity":47,"s:95:19:97:8":48,"s:98:6:98:Infinity":49,"s:100:6:100:Infinity":50,"s:102:6:102:Infinity":51,"s:106:2:108:Infinity":52,"f:106:2:106:18":6,"b:107:4:107:Infinity:undefined:undefined:undefined:undefined":7,"s:107:4:107:Infinity":53,"s:107:30:107:Infinity":54,"s:110:25:125:Infinity":55,"f:110:25:110:37":7,"s:111:4:113:Infinity":56,"s:111:10:111:49":57,"s:112:6:112:Infinity":58,"s:113:6:113:Infinity":59,"s:115:4:115:Infinity":60,"s:116:10:119:6":61,"s:120:4:125:Infinity":62,"f:122:6:122:21":8,"s:122:23:122:48":63,"s:122:48:122:69":64,"s:122:69:122:82":65,"s:122:82:122:Infinity":66,"f:123:6:123:14":9,"s:123:22:123:Infinity":67,"f:124:6:124:21":10,"s:124:21:124:Infinity":68,"s:128:28:149:Infinity":69,"f:128:28:128:40":11,"s:129:4:129:Infinity":70,"s:130:10:132:6":71,"s:134:4:149:Infinity":72,"f:136:6:136:16":12,"s:137:8:137:Infinity":73,"s:138:8:138:Infinity":74,"s:139:8:139:Infinity":75,"s:140:8:140:Infinity":76,"s:141:8:141:Infinity":77,"f:143:6:143:14":13,"s:144:8:144:Infinity":78,"s:145:23:145:34":79,"b:146:8:146:Infinity:undefined:undefined:undefined:undefined":8,"s:146:8:146:Infinity":80,"b:146:12:146:34:146:38:146:66":9,"s:146:68:146:Infinity":81,"s:147:8:147:Infinity":82,"s:152:33:164:Infinity":83,"f:152:33:152:40":14,"s:153:10:155:6":84,"s:157:4:164:Infinity":85,"f:159:6:159:21":15,"s:160:8:160:Infinity":86,"s:161:8:161:Infinity":87,"f:163:6:163:14":16,"s:163:22:163:Infinity":88,"s:167:27:178:Infinity":89,"f:167:27:167:39":17,"s:168:4:168:Infinity":90,"s:169:10:172:6":91,"s:173:4:178:Infinity":92,"f:175:6:175:21":18,"s:175:23:175:61":93,"s:175:61:175:74":94,"s:175:74:175:Infinity":95,"f:176:6:176:14":19,"s:176:22:176:Infinity":96,"f:177:6:177:21":20,"s:177:21:177:Infinity":97,"s:181:24:193:Infinity":98,"f:181:24:181:36":21,"b:182:4:182:Infinity:undefined:undefined:undefined:undefined":10,"s:182:4:182:Infinity":99,"s:182:53:182:Infinity":100,"s:183:4:183:Infinity":101,"s:184:10:187:6":102,"s:188:4:193:Infinity":103,"f:190:6:190:21":22,"s:190:23:190:36":104,"s:190:36:190:57":105,"s:190:57:190:Infinity":106,"f:191:6:191:14":23,"s:191:22:191:Infinity":107,"f:192:6:192:21":24,"s:192:21:192:Infinity":108,"s:196:23:212:Infinity":109,"f:196:23:196:35":25,"b:197:4:200:Infinity:undefined:undefined:undefined:undefined":11,"s:197:4:200:Infinity":110,"s:198:6:198:Infinity":111,"s:199:6:199:Infinity":112,"f:199:6:199:23":26,"s:199:23:199:47":113,"s:200:6:200:Infinity":114,"s:202:4:202:Infinity":115,"s:203:4:203:Infinity":116,"s:204:10:207:6":117,"s:208:4:212:Infinity":118,"f:210:6:210:21":27,"s:210:23:210:36":119,"s:210:36:210:47":120,"s:210:47:210:Infinity":121,"f:211:6:211:14":28,"s:211:24:211:50":122,"s:211:50:211:Infinity":123,"s:215:8:231:41":124,"f:215:18:215:32":29,"b:216:4:216:Infinity:undefined:undefined:undefined:undefined":12,"s:216:4:216:Infinity":125,"b:216:8:216:20:216:20:216:56":13,"s:216:56:216:Infinity":126,"s:217:50:217:52":127,"s:218:18:218:37":128,"s:219:23:219:Infinity":129,"s:220:4:228:Infinity":130,"s:220:17:220:20":131,"s:221:19:221:34":132,"b:222:6:226:Infinity:223:15:226:Infinity":14,"s:222:6:226:Infinity":133,"s:222:27:222:Infinity":134,"b:223:15:226:Infinity:undefined:undefined:undefined:undefined":15,"s:223:15:226:Infinity":135,"b:223:15:223:31:223:31:223:57":16,"s:224:21:224:55":136,"s:225:22:225:Infinity":137,"b:225:22:225:40:225:44:225:Infinity":17,"b:226:8:226:Infinity:undefined:undefined:undefined:undefined":18,"s:226:8:226:Infinity":138,"s:226:40:226:Infinity":139,"b:228:6:228:Infinity:undefined:undefined:undefined:undefined":19,"s:228:6:228:Infinity":140,"b:228:10:228:26:228:26:228:41:228:41:228:48":20,"s:228:48:228:Infinity":141,"s:230:4:230:Infinity":142,"s:233:20:233:98":143,"s:235:2:365:Infinity":144,"b:254:11:254:Infinity:255:12:265:Infinity":21,"f:256:22:256:37":30,"s:256:37:256:55":145,"b:258:187:258:251:258:251:258:Infinity":22,"b:259:46:259:96:259:95:260:42":23,"b:260:19:260:47:260:47:260:Infinity":24,"b:267:11:267:Infinity:268:12:283:Infinity":25,"b:273:57:275:Infinity:276:20:276:22":26,"b:277:87:279:Infinity:280:20:280:Infinity":27,"f:282:22:282:37":31,"s:282:39:282:79":146,"s:282:79:282:120":147,"b:289:7:289:Infinity:290:8:294:Infinity":28,"f:291:72:291:87":32,"s:291:87:291:111":148,"b:292:11:292:49:292:49:292:Infinity":29,"f:292:107:292:122":33,"s:292:122:292:145":149,"b:293:11:293:49:293:49:293:Infinity":30,"f:293:111:293:126":34,"s:293:126:293:151":150,"b:294:11:294:49:294:49:294:Infinity":31,"f:294:106:294:121":35,"s:294:121:294:145":151,"b:300:10:301:Infinity:301:12:349:Infinity":32,"b:302:10:303:26:303:12:349:Infinity":33,"f:302:78:302:89":36,"s:302:95:302:125":152,"f:302:356:302:371":37,"s:302:371:302:390":153,"b:302:814:302:864:302:863:302:Infinity":34,"b:304:10:305:26:305:12:349:Infinity":35,"f:304:127:304:132":38,"s:304:145:304:359":154,"b:304:307:304:327:304:327:304:332":36,"b:306:10:307:26:307:12:349:Infinity":37,"b:306:117:306:516:306:519:306:752":38,"f:306:125:306:130":39,"s:306:140:306:516":155,"b:308:10:316:11:316:10:349:Infinity":39,"b:310:14:312:15:312:14:312:Infinity":40,"b:312:135:312:149:312:149:312:193":41,"b:318:13:318:Infinity:319:14:340:Infinity":42,"f:322:39:322:44":40,"s:323:20:338:Infinity":156,"b:329:124:329:159:329:159:329:194":43,"b:330:25:330:Infinity:331:26:335:Infinity":44,"f:333:36:333:51":41,"s:333:51:333:115":157,"f:334:36:334:51":42,"s:334:51:334:82":158,"f:346:308:346:323":43,"s:346:323:346:358":159,"f:346:502:346:517":44,"s:346:517:346:562":160,"f:346:688:346:703":45,"s:346:703:346:746":161,"b:348:355:348:405:348:404:348:446":45,"b:348:446:348:470:348:470:348:Infinity":46,"b:357:7:357:21:357:21:357:Infinity:358:8:365:Infinity":47,"f:361:73:361:84":46,"s:361:90:361:134":162,"b:362:13:362:Infinity:363:14:365:Infinity":48,"s:375:6:378:Infinity":163,"f:375:6:375:21":47,"s:376:2:378:Infinity":164,"b:376:99:376:200:376:200:376:Infinity":49,"b:377:109:377:126:377:126:377:148":50,"s:381:6:382:Infinity":165,"f:381:6:381:17":48,"s:382:2:382:Infinity":166,"b:382:135:382:152:382:152:382:192":51,"b:382:199:382:209:382:209:382:Infinity":52}}}
,"/home/cjs/local/palantir/frontend/src/components/Terminal.tsx": {"path":"/home/cjs/local/palantir/frontend/src/components/Terminal.tsx","statementMap":{"0":{"start":{"line":19,"column":6},"end":{"line":126,"column":null}},"1":{"start":{"line":20,"column":8},"end":{"line":20,"column":50}},"2":{"start":{"line":21,"column":8},"end":{"line":21,"column":45}},"3":{"start":{"line":22,"column":8},"end":{"line":22,"column":50}},"4":{"start":{"line":23,"column":23},"end":{"line":23,"column":57}},"5":{"start":{"line":25,"column":2},"end":{"line":87,"column":null}},"6":{"start":{"line":27,"column":4},"end":{"line":27,"column":null}},"7":{"start":{"line":27,"column":42},"end":{"line":27,"column":null}},"8":{"start":{"line":29,"column":25},"end":{"line":81,"column":null}},"9":{"start":{"line":30,"column":19},"end":{"line":41,"column":8}},"10":{"start":{"line":43,"column":23},"end":{"line":43,"column":37}},"11":{"start":{"line":44,"column":6},"end":{"line":44,"column":null}},"12":{"start":{"line":45,"column":6},"end":{"line":45,"column":null}},"13":{"start":{"line":46,"column":6},"end":{"line":46,"column":null}},"14":{"start":{"line":47,"column":6},"end":{"line":47,"column":null}},"15":{"start":{"line":49,"column":6},"end":{"line":81,"column":null}},"16":{"start":{"line":50,"column":43},"end":{"line":50,"column":null}},"17":{"start":{"line":51,"column":34},"end":{"line":51,"column":50}},"18":{"start":{"line":53,"column":20},"end":{"line":53,"column":null}},"19":{"start":{"line":54,"column":34},"end":{"line":54,"column":115}},"20":{"start":{"line":55,"column":8},"end":{"line":55,"column":null}},"21":{"start":{"line":57,"column":8},"end":{"line":61,"column":null}},"22":{"start":{"line":58,"column":10},"end":{"line":59,"column":null}},"23":{"start":{"line":59,"column":12},"end":{"line":59,"column":null}},"24":{"start":{"line":63,"column":25},"end":{"line":65,"column":null}},"25":{"start":{"line":64,"column":10},"end":{"line":64,"column":null}},"26":{"start":{"line":67,"column":29},"end":{"line":70,"column":null}},"27":{"start":{"line":68,"column":10},"end":{"line":68,"column":null}},"28":{"start":{"line":69,"column":10},"end":{"line":69,"column":null}},"29":{"start":{"line":72,"column":8},"end":{"line":77,"column":null}},"30":{"start":{"line":73,"column":10},"end":{"line":73,"column":null}},"31":{"start":{"line":74,"column":10},"end":{"line":74,"column":null}},"32":{"start":{"line":75,"column":10},"end":{"line":75,"column":null}},"33":{"start":{"line":76,"column":10},"end":{"line":77,"column":null}},"34":{"start":{"line":77,"column":12},"end":{"line":77,"column":null}},"35":{"start":{"line":81,"column":8},"end":{"line":81,"column":null}},"36":{"start":{"line":85,"column":20},"end":{"line":85,"column":34}},"37":{"start":{"line":86,"column":4},"end":{"line":86,"column":null}},"38":{"start":{"line":86,"column":19},"end":{"line":86,"column":null}},"39":{"start":{"line":86,"column":37},"end":{"line":86,"column":45}},"40":{"start":{"line":89,"column":2},"end":{"line":89,"column":null}},"41":{"start":{"line":89,"column":16},"end":{"line":89,"column":null}},"42":{"start":{"line":91,"column":2},"end":{"line":126,"column":null}}},"fnMap":{"0":{"name":"(anonymous_0)","decl":{"start":{"line":19,"column":6},"end":{"line":19,"column":43}},"loc":{"start":{"line":19,"column":68},"end":{"line":126,"column":null}},"line":19},"1":{"name":"(anonymous_1)","decl":{"start":{"line":25,"column":2},"end":{"line":25,"column":18}},"loc":{"start":{"line":25,"column":18},"end":{"line":87,"column":6}},"line":25},"2":{"name":"(anonymous_2)","decl":{"start":{"line":29,"column":25},"end":{"line":29,"column":37}},"loc":{"start":{"line":29,"column":37},"end":{"line":81,"column":null}},"line":29},"3":{"name":"(anonymous_3)","decl":{"start":{"line":57,"column":13},"end":{"line":57,"column":21}},"loc":{"start":{"line":57,"column":30},"end":{"line":61,"column":null}},"line":57},"4":{"name":"(anonymous_4)","decl":{"start":{"line":63,"column":54},"end":{"line":63,"column":68}},"loc":{"start":{"line":63,"column":83},"end":{"line":65,"column":null}},"line":63},"5":{"name":"(anonymous_5)","decl":{"start":{"line":67,"column":58},"end":{"line":67,"column":72}},"loc":{"start":{"line":67,"column":87},"end":{"line":70,"column":null}},"line":67},"6":{"name":"(anonymous_6)","decl":{"start":{"line":72,"column":8},"end":{"line":72,"column":21}},"loc":{"start":{"line":72,"column":21},"end":{"line":77,"column":null}},"line":72},"7":{"name":"(anonymous_7)","decl":{"start":{"line":86,"column":4},"end":{"line":86,"column":17}},"loc":{"start":{"line":86,"column":17},"end":{"line":86,"column":null}},"line":86},"8":{"name":"(anonymous_8)","decl":{"start":{"line":86,"column":27},"end":{"line":86,"column":32}},"loc":{"start":{"line":86,"column":37},"end":{"line":86,"column":45}},"line":86}},"branchMap":{"0":{"loc":{"start":{"line":27,"column":4},"end":{"line":27,"column":null}},"type":"if","locations":[{"start":{"line":27,"column":4},"end":{"line":27,"column":null}},{"start":{},"end":{}}],"line":27},"1":{"loc":{"start":{"line":27,"column":8},"end":{"line":27,"column":42}},"type":"binary-expr","locations":[{"start":{"line":27,"column":8},"end":{"line":27,"column":20}},{"start":{"line":27,"column":20},"end":{"line":27,"column":42}}],"line":27},"2":{"loc":{"start":{"line":53,"column":20},"end":{"line":53,"column":null}},"type":"cond-expr","locations":[{"start":{"line":53,"column":38},"end":{"line":53,"column":53}},{"start":{"line":53,"column":53},"end":{"line":53,"column":null}}],"line":53},"3":{"loc":{"start":{"line":54,"column":95},"end":{"line":54,"column":114}},"type":"binary-expr","locations":[{"start":{"line":54,"column":95},"end":{"line":54,"column":108}},{"start":{"line":54,"column":108},"end":{"line":54,"column":114}}],"line":54},"4":{"loc":{"start":{"line":58,"column":10},"end":{"line":59,"column":null}},"type":"if","locations":[{"start":{"line":58,"column":10},"end":{"line":59,"column":null}},{"start":{},"end":{}}],"line":58},"5":{"loc":{"start":{"line":76,"column":10},"end":{"line":77,"column":null}},"type":"if","locations":[{"start":{"line":76,"column":10},"end":{"line":77,"column":null}},{"start":{},"end":{}}],"line":76},"6":{"loc":{"start":{"line":86,"column":37},"end":{"line":86,"column":45}},"type":"binary-expr","locations":[{"start":{"line":86,"column":37},"end":{"line":86,"column":42}},{"start":{"line":86,"column":42},"end":{"line":86,"column":45}}],"line":86},"7":{"loc":{"start":{"line":89,"column":2},"end":{"line":89,"column":null}},"type":"if","locations":[{"start":{"line":89,"column":2},"end":{"line":89,"column":null}},{"start":{},"end":{}}],"line":89},"8":{"loc":{"start":{"line":105,"column":15},"end":{"line":105,"column":null}},"type":"cond-expr","locations":[{"start":{"line":105,"column":41},"end":{"line":105,"column":63}},{"start":{"line":105,"column":63},"end":{"line":105,"column":null}}],"line":105},"9":{"loc":{"start":{"line":108,"column":40},"end":{"line":108,"column":null}},"type":"cond-expr","locations":[{"start":{"line":108,"column":60},"end":{"line":108,"column":87}},{"start":{"line":108,"column":87},"end":{"line":108,"column":null}}],"line":108},"10":{"loc":{"start":{"line":113,"column":11},"end":{"line":113,"column":null}},"type":"binary-expr","locations":[{"start":{"line":113,"column":11},"end":{"line":113,"column":27}},{"start":{"line":113,"column":27},"end":{"line":113,"column":null}}],"line":113}},"s":{"0":1,"1":3,"2":3,"3":3,"4":3,"5":3,"6":3,"7":1,"8":2,"9":2,"10":2,"11":2,"12":2,"13":2,"14":2,"15":2,"16":2,"17":2,"18":2,"19":2,"20":2,"21":2,"22":0,"23":0,"24":2,"25":0,"26":2,"27":0,"28":0,"29":2,"30":2,"31":2,"32":2,"33":2,"34":0,"35":0,"36":2,"37":2,"38":2,"39":2,"40":3,"41":1,"42":2},"f":{"0":3,"1":3,"2":2,"3":0,"4":0,"5":0,"6":2,"7":2,"8":2},"b":{"0":[1,2],"1":[3,2],"2":[2,0],"3":[2,0],"4":[0,0],"5":[0,2],"6":[2,2],"7":[1,2],"8":[2,0],"9":[2,0],"10":[3,0]},"meta":{"lastBranch":11,"lastFunction":9,"lastStatement":43,"seen":{"s:19:6:126:Infinity":0,"f:19:6:19:43":0,"s:20:8:20:50":1,"s:21:8:21:45":2,"s:22:8:22:50":3,"s:23:23:23:57":4,"s:25:2:87:Infinity":5,"f:25:2:25:18":1,"b:27:4:27:Infinity:undefined:undefined:undefined:undefined":0,"s:27:4:27:Infinity":6,"b:27:8:27:20:27:20:27:42":1,"s:27:42:27:Infinity":7,"s:29:25:81:Infinity":8,"f:29:25:29:37":2,"s:30:19:41:8":9,"s:43:23:43:37":10,"s:44:6:44:Infinity":11,"s:45:6:45:Infinity":12,"s:46:6:46:Infinity":13,"s:47:6:47:Infinity":14,"s:49:6:81:Infinity":15,"s:50:43:50:Infinity":16,"s:51:34:51:50":17,"s:53:20:53:Infinity":18,"b:53:38:53:53:53:53:53:Infinity":2,"s:54:34:54:115":19,"b:54:95:54:108:54:108:54:114":3,"s:55:8:55:Infinity":20,"s:57:8:61:Infinity":21,"f:57:13:57:21":3,"b:58:10:59:Infinity:undefined:undefined:undefined:undefined":4,"s:58:10:59:Infinity":22,"s:59:12:59:Infinity":23,"s:63:25:65:Infinity":24,"f:63:54:63:68":4,"s:64:10:64:Infinity":25,"s:67:29:70:Infinity":26,"f:67:58:67:72":5,"s:68:10:68:Infinity":27,"s:69:10:69:Infinity":28,"s:72:8:77:Infinity":29,"f:72:8:72:21":6,"s:73:10:73:Infinity":30,"s:74:10:74:Infinity":31,"s:75:10:75:Infinity":32,"b:76:10:77:Infinity:undefined:undefined:undefined:undefined":5,"s:76:10:77:Infinity":33,"s:77:12:77:Infinity":34,"s:81:8:81:Infinity":35,"s:85:20:85:34":36,"s:86:4:86:Infinity":37,"f:86:4:86:17":7,"s:86:19:86:Infinity":38,"f:86:27:86:32":8,"s:86:37:86:45":39,"b:86:37:86:42:86:42:86:45":6,"b:89:2:89:Infinity:undefined:undefined:undefined:undefined":7,"s:89:2:89:Infinity":40,"s:89:16:89:Infinity":41,"s:91:2:126:Infinity":42,"b:105:41:105:63:105:63:105:Infinity":8,"b:108:60:108:87:108:87:108:Infinity":9,"b:113:11:113:27:113:27:113:Infinity":10}}}
,"/home/cjs/local/palantir/frontend/src/pages/ResourcesPage.tsx": {"path":"/home/cjs/local/palantir/frontend/src/pages/ResourcesPage.tsx","statementMap":{"0":{"start":{"line":21,"column":6},"end":{"line":128,"column":null}},"1":{"start":{"line":22,"column":20},"end":{"line":22,"column":64}},"2":{"start":{"line":23,"column":18},"end":{"line":23,"column":46}},"3":{"start":{"line":25,"column":25},"end":{"line":39,"column":null}},"4":{"start":{"line":26,"column":4},"end":{"line":26,"column":null}},"5":{"start":{"line":27,"column":4},"end":{"line":39,"column":null}},"6":{"start":{"line":28,"column":19},"end":{"line":33,"column":8}},"7":{"start":{"line":34,"column":6},"end":{"line":34,"column":null}},"8":{"start":{"line":36,"column":6},"end":{"line":36,"column":null}},"9":{"start":{"line":37,"column":6},"end":{"line":37,"column":null}},"10":{"start":{"line":39,"column":6},"end":{"line":39,"column":null}},"11":{"start":{"line":43,"column":2},"end":{"line":45,"column":null}},"12":{"start":{"line":44,"column":4},"end":{"line":44,"column":null}},"13":{"start":{"line":47,"column":2},"end":{"line":128,"column":null}},"14":{"start":{"line":80,"column":35},"end":{"line":80,"column":71}},"15":{"start":{"line":81,"column":16},"end":{"line":117,"column":null}},"16":{"start":{"line":85,"column":35},"end":{"line":85,"column":72}}},"fnMap":{"0":{"name":"(anonymous_0)","decl":{"start":{"line":21,"column":6},"end":{"line":21,"column":23}},"loc":{"start":{"line":21,"column":93},"end":{"line":128,"column":null}},"line":21},"1":{"name":"(anonymous_1)","decl":{"start":{"line":25,"column":25},"end":{"line":25,"column":37}},"loc":{"start":{"line":25,"column":37},"end":{"line":39,"column":null}},"line":25},"2":{"name":"(anonymous_2)","decl":{"start":{"line":43,"column":2},"end":{"line":43,"column":18}},"loc":{"start":{"line":43,"column":18},"end":{"line":45,"column":6}},"line":43},"3":{"name":"(anonymous_3)","decl":{"start":{"line":79,"column":25},"end":{"line":79,"column":30}},"loc":{"start":{"line":79,"column":38},"end":{"line":117,"column":null}},"line":79},"4":{"name":"(anonymous_4)","decl":{"start":{"line":85,"column":20},"end":{"line":85,"column":35}},"loc":{"start":{"line":85,"column":35},"end":{"line":85,"column":72}},"line":85}},"branchMap":{"0":{"loc":{"start":{"line":62,"column":42},"end":{"line":62,"column":88}},"type":"cond-expr","locations":[{"start":{"line":62,"column":52},"end":{"line":62,"column":82}},{"start":{"line":62,"column":82},"end":{"line":62,"column":88}}],"line":62},"1":{"loc":{"start":{"line":84,"column":70},"end":{"line":84,"column":null}},"type":"cond-expr","locations":[{"start":{"line":84,"column":83},"end":{"line":84,"column":128}},{"start":{"line":84,"column":128},"end":{"line":84,"column":null}}],"line":84},"2":{"loc":{"start":{"line":85,"column":35},"end":{"line":85,"column":72}},"type":"binary-expr","locations":[{"start":{"line":85,"column":35},"end":{"line":85,"column":50}},{"start":{"line":85,"column":50},"end":{"line":85,"column":72}}],"line":85},"3":{"loc":{"start":{"line":90,"column":27},"end":{"line":90,"column":null}},"type":"cond-expr","locations":[{"start":{"line":90,"column":40},"end":{"line":90,"column":103}},{"start":{"line":90,"column":102},"end":{"line":90,"column":null}}],"line":90},"4":{"loc":{"start":{"line":93,"column":92},"end":{"line":93,"column":165}},"type":"cond-expr","locations":[{"start":{"line":93,"column":105},"end":{"line":93,"column":122}},{"start":{"line":93,"column":122},"end":{"line":93,"column":165}}],"line":93},"5":{"loc":{"start":{"line":105,"column":64},"end":{"line":105,"column":127}},"type":"cond-expr","locations":[{"start":{"line":105,"column":77},"end":{"line":105,"column":106}},{"start":{"line":105,"column":106},"end":{"line":105,"column":127}}],"line":105},"6":{"loc":{"start":{"line":106,"column":89},"end":{"line":106,"column":139}},"type":"cond-expr","locations":[{"start":{"line":106,"column":102},"end":{"line":106,"column":119}},{"start":{"line":106,"column":119},"end":{"line":106,"column":139}}],"line":106},"7":{"loc":{"start":{"line":106,"column":139},"end":{"line":106,"column":186}},"type":"cond-expr","locations":[{"start":{"line":106,"column":152},"end":{"line":106,"column":168}},{"start":{"line":106,"column":168},"end":{"line":106,"column":186}}],"line":106},"8":{"loc":{"start":{"line":122,"column":11},"end":{"line":125,"column":null}},"type":"binary-expr","locations":[{"start":{"line":122,"column":11},"end":{"line":122,"column":37}},{"start":{"line":122,"column":37},"end":{"line":122,"column":null}},{"start":{"line":123,"column":12},"end":{"line":125,"column":null}}],"line":122}},"s":{"0":1,"1":2,"2":2,"3":2,"4":1,"5":1,"6":1,"7":1,"8":0,"9":0,"10":1,"11":2,"12":1,"13":2,"14":1,"15":1,"16":0},"f":{"0":2,"1":1,"2":1,"3":1,"4":0},"b":{"0":[1,1],"1":[0,1],"2":[0,0],"3":[0,1],"4":[0,1],"5":[0,1],"6":[0,1],"7":[0,1],"8":[2,1,0]},"meta":{"lastBranch":9,"lastFunction":5,"lastStatement":17,"seen":{"s:21:6:128:Infinity":0,"f:21:6:21:23":0,"s:22:20:22:64":1,"s:23:18:23:46":2,"s:25:25:39:Infinity":3,"f:25:25:25:37":1,"s:26:4:26:Infinity":4,"s:27:4:39:Infinity":5,"s:28:19:33:8":6,"s:34:6:34:Infinity":7,"s:36:6:36:Infinity":8,"s:37:6:37:Infinity":9,"s:39:6:39:Infinity":10,"s:43:2:45:Infinity":11,"f:43:2:43:18":2,"s:44:4:44:Infinity":12,"s:47:2:128:Infinity":13,"b:62:52:62:82:62:82:62:88":0,"f:79:25:79:30":3,"s:80:35:80:71":14,"s:81:16:117:Infinity":15,"b:84:83:84:128:84:128:84:Infinity":1,"f:85:20:85:35":4,"s:85:35:85:72":16,"b:85:35:85:50:85:50:85:72":2,"b:90:40:90:103:90:102:90:Infinity":3,"b:93:105:93:122:93:122:93:165":4,"b:105:77:105:106:105:106:105:127":5,"b:106:102:106:119:106:119:106:139":6,"b:106:152:106:168:106:168:106:186":7,"b:122:11:122:37:122:37:122:Infinity:123:12:125:Infinity":8}}}
}
