{"/home/cjs/local/palantir/frontend/src/components/ResourceDetail.tsx": {"path":"/home/cjs/local/palantir/frontend/src/components/ResourceDetail.tsx","statementMap":{"0":{"start":{"line":22,"column":6},"end":{"line":25,"column":null}},"1":{"start":{"line":23,"column":2},"end":{"line":23,"column":null}},"2":{"start":{"line":23,"column":68},"end":{"line":23,"column":null}},"3":{"start":{"line":24,"column":2},"end":{"line":24,"column":null}},"4":{"start":{"line":24,"column":33},"end":{"line":24,"column":null}},"5":{"start":{"line":25,"column":2},"end":{"line":25,"column":null}},"6":{"start":{"line":28,"column":6},"end":{"line":332,"column":null}},"7":{"start":{"line":29,"column":18},"end":{"line":29,"column":52}},"8":{"start":{"line":30,"column":18},"end":{"line":30,"column":46}},"9":{"start":{"line":31,"column":20},"end":{"line":31,"column":87}},"10":{"start":{"line":33,"column":20},"end":{"line":33,"column":51}},"11":{"start":{"line":34,"column":22},"end":{"line":34,"column":52}},"12":{"start":{"line":35,"column":23},"end":{"line":35,"column":57}},"13":{"start":{"line":37,"column":27},"end":{"line":37,"column":69}},"14":{"start":{"line":38,"column":26},"end":{"line":38,"column":67}},"15":{"start":{"line":39,"column":24},"end":{"line":39,"column":63}},"16":{"start":{"line":41,"column":29},"end":{"line":41,"column":65}},"17":{"start":{"line":44,"column":21},"end":{"line":44,"column":64}},"18":{"start":{"line":45,"column":22},"end":{"line":45,"column":55}},"19":{"start":{"line":46,"column":30},"end":{"line":46,"column":75}},"20":{"start":{"line":49,"column":21},"end":{"line":49,"column":58}},"21":{"start":{"line":50,"column":22},"end":{"line":50,"column":55}},"22":{"start":{"line":52,"column":2},"end":{"line":55,"column":null}},"23":{"start":{"line":53,"column":4},"end":{"line":53,"column":null}},"24":{"start":{"line":54,"column":4},"end":{"line":54,"column":null}},"25":{"start":{"line":54,"column":44},"end":{"line":54,"column":null}},"26":{"start":{"line":57,"column":28},"end":{"line":77,"column":null}},"27":{"start":{"line":58,"column":4},"end":{"line":58,"column":null}},"28":{"start":{"line":59,"column":4},"end":{"line":77,"column":null}},"29":{"start":{"line":60,"column":19},"end":{"line":63,"column":8}},"30":{"start":{"line":64,"column":6},"end":{"line":64,"column":null}},"31":{"start":{"line":65,"column":6},"end":{"line":65,"column":null}},"32":{"start":{"line":67,"column":6},"end":{"line":72,"column":null}},"33":{"start":{"line":68,"column":23},"end":{"line":68,"column":44}},"34":{"start":{"line":69,"column":18},"end":{"line":69,"column":null}},"35":{"start":{"line":70,"column":8},"end":{"line":70,"column":null}},"36":{"start":{"line":71,"column":8},"end":{"line":71,"column":null}},"37":{"start":{"line":72,"column":8},"end":{"line":72,"column":null}},"38":{"start":{"line":75,"column":6},"end":{"line":75,"column":null}},"39":{"start":{"line":77,"column":6},"end":{"line":77,"column":null}},"40":{"start":{"line":81,"column":35},"end":{"line":86,"column":null}},"41":{"start":{"line":82,"column":4},"end":{"line":86,"column":null}},"42":{"start":{"line":83,"column":23},"end":{"line":83,"column":92}},"43":{"start":{"line":84,"column":6},"end":{"line":84,"column":null}},"44":{"start":{"line":86,"column":6},"end":{"line":86,"column":null}},"45":{"start":{"line":90,"column":26},"end":{"line":100,"column":null}},"46":{"start":{"line":91,"column":4},"end":{"line":91,"column":null}},"47":{"start":{"line":92,"column":4},"end":{"line":100,"column":null}},"48":{"start":{"line":93,"column":19},"end":{"line":95,"column":8}},"49":{"start":{"line":96,"column":6},"end":{"line":96,"column":null}},"50":{"start":{"line":98,"column":6},"end":{"line":98,"column":null}},"51":{"start":{"line":100,"column":6},"end":{"line":100,"column":null}},"52":{"start":{"line":104,"column":2},"end":{"line":106,"column":null}},"53":{"start":{"line":105,"column":4},"end":{"line":105,"column":null}},"54":{"start":{"line":105,"column":30},"end":{"line":105,"column":null}},"55":{"start":{"line":108,"column":25},"end":{"line":123,"column":null}},"56":{"start":{"line":109,"column":4},"end":{"line":111,"column":null}},"57":{"start":{"line":109,"column":10},"end":{"line":109,"column":49}},"58":{"start":{"line":110,"column":6},"end":{"line":110,"column":null}},"59":{"start":{"line":111,"column":6},"end":{"line":111,"column":null}},"60":{"start":{"line":113,"column":4},"end":{"line":113,"column":null}},"61":{"start":{"line":114,"column":10},"end":{"line":117,"column":6}},"62":{"start":{"line":118,"column":4},"end":{"line":123,"column":null}},"63":{"start":{"line":120,"column":23},"end":{"line":120,"column":48}},"64":{"start":{"line":120,"column":48},"end":{"line":120,"column":69}},"65":{"start":{"line":120,"column":69},"end":{"line":120,"column":82}},"66":{"start":{"line":120,"column":82},"end":{"line":120,"column":null}},"67":{"start":{"line":121,"column":22},"end":{"line":121,"column":null}},"68":{"start":{"line":122,"column":21},"end":{"line":122,"column":null}},"69":{"start":{"line":126,"column":28},"end":{"line":147,"column":null}},"70":{"start":{"line":127,"column":4},"end":{"line":127,"column":null}},"71":{"start":{"line":128,"column":10},"end":{"line":130,"column":6}},"72":{"start":{"line":132,"column":4},"end":{"line":147,"column":null}},"73":{"start":{"line":135,"column":8},"end":{"line":135,"column":null}},"74":{"start":{"line":136,"column":8},"end":{"line":136,"column":null}},"75":{"start":{"line":137,"column":8},"end":{"line":137,"column":null}},"76":{"start":{"line":138,"column":8},"end":{"line":138,"column":null}},"77":{"start":{"line":139,"column":8},"end":{"line":139,"column":null}},"78":{"start":{"line":142,"column":8},"end":{"line":142,"column":null}},"79":{"start":{"line":143,"column":23},"end":{"line":143,"column":34}},"80":{"start":{"line":144,"column":8},"end":{"line":144,"column":null}},"81":{"start":{"line":144,"column":68},"end":{"line":144,"column":null}},"82":{"start":{"line":145,"column":8},"end":{"line":145,"column":null}},"83":{"start":{"line":150,"column":33},"end":{"line":162,"column":null}},"84":{"start":{"line":151,"column":10},"end":{"line":153,"column":6}},"85":{"start":{"line":155,"column":4},"end":{"line":162,"column":null}},"86":{"start":{"line":158,"column":8},"end":{"line":158,"column":null}},"87":{"start":{"line":159,"column":8},"end":{"line":159,"column":null}},"88":{"start":{"line":161,"column":22},"end":{"line":161,"column":null}},"89":{"start":{"line":165,"column":27},"end":{"line":176,"column":null}},"90":{"start":{"line":166,"column":4},"end":{"line":166,"column":null}},"91":{"start":{"line":167,"column":10},"end":{"line":170,"column":6}},"92":{"start":{"line":171,"column":4},"end":{"line":176,"column":null}},"93":{"start":{"line":173,"column":23},"end":{"line":173,"column":61}},"94":{"start":{"line":173,"column":61},"end":{"line":173,"column":74}},"95":{"start":{"line":173,"column":74},"end":{"line":173,"column":null}},"96":{"start":{"line":174,"column":22},"end":{"line":174,"column":null}},"97":{"start":{"line":175,"column":21},"end":{"line":175,"column":null}},"98":{"start":{"line":179,"column":24},"end":{"line":191,"column":null}},"99":{"start":{"line":180,"column":4},"end":{"line":180,"column":null}},"100":{"start":{"line":180,"column":53},"end":{"line":180,"column":null}},"101":{"start":{"line":181,"column":4},"end":{"line":181,"column":null}},"102":{"start":{"line":182,"column":10},"end":{"line":185,"column":6}},"103":{"start":{"line":186,"column":4},"end":{"line":191,"column":null}},"104":{"start":{"line":188,"column":23},"end":{"line":188,"column":36}},"105":{"start":{"line":188,"column":36},"end":{"line":188,"column":57}},"106":{"start":{"line":188,"column":57},"end":{"line":188,"column":null}},"107":{"start":{"line":189,"column":22},"end":{"line":189,"column":null}},"108":{"start":{"line":190,"column":21},"end":{"line":190,"column":null}},"109":{"start":{"line":194,"column":23},"end":{"line":210,"column":null}},"110":{"start":{"line":195,"column":4},"end":{"line":198,"column":null}},"111":{"start":{"line":196,"column":6},"end":{"line":196,"column":null}},"112":{"start":{"line":197,"column":6},"end":{"line":197,"column":null}},"113":{"start":{"line":197,"column":23},"end":{"line":197,"column":47}},"114":{"start":{"line":198,"column":6},"end":{"line":198,"column":null}},"115":{"start":{"line":200,"column":4},"end":{"line":200,"column":null}},"116":{"start":{"line":201,"column":4},"end":{"line":201,"column":null}},"117":{"start":{"line":202,"column":10},"end":{"line":205,"column":6}},"118":{"start":{"line":206,"column":4},"end":{"line":210,"column":null}},"119":{"start":{"line":208,"column":23},"end":{"line":208,"column":36}},"120":{"start":{"line":208,"column":36},"end":{"line":208,"column":47}},"121":{"start":{"line":208,"column":47},"end":{"line":208,"column":null}},"122":{"start":{"line":209,"column":24},"end":{"line":209,"column":50}},"123":{"start":{"line":209,"column":50},"end":{"line":209,"column":null}},"124":{"start":{"line":213,"column":8},"end":{"line":229,"column":41}},"125":{"start":{"line":214,"column":4},"end":{"line":214,"column":null}},"126":{"start":{"line":214,"column":56},"end":{"line":214,"column":null}},"127":{"start":{"line":215,"column":50},"end":{"line":215,"column":52}},"128":{"start":{"line":216,"column":18},"end":{"line":216,"column":37}},"129":{"start":{"line":217,"column":23},"end":{"line":217,"column":null}},"130":{"start":{"line":218,"column":4},"end":{"line":226,"column":null}},"131":{"start":{"line":218,"column":17},"end":{"line":218,"column":20}},"132":{"start":{"line":219,"column":19},"end":{"line":219,"column":34}},"133":{"start":{"line":220,"column":6},"end":{"line":224,"column":null}},"134":{"start":{"line":220,"column":27},"end":{"line":220,"column":null}},"135":{"start":{"line":221,"column":15},"end":{"line":224,"column":null}},"136":{"start":{"line":222,"column":21},"end":{"line":222,"column":55}},"137":{"start":{"line":223,"column":22},"end":{"line":223,"column":null}},"138":{"start":{"line":224,"column":8},"end":{"line":224,"column":null}},"139":{"start":{"line":224,"column":40},"end":{"line":224,"column":null}},"140":{"start":{"line":226,"column":6},"end":{"line":226,"column":null}},"141":{"start":{"line":226,"column":48},"end":{"line":226,"column":null}},"142":{"start":{"line":228,"column":4},"end":{"line":228,"column":null}},"143":{"start":{"line":231,"column":20},"end":{"line":231,"column":98}},"144":{"start":{"line":233,"column":2},"end":{"line":332,"column":null}},"145":{"start":{"line":252,"column":37},"end":{"line":252,"column":55}},"146":{"start":{"line":260,"column":50},"end":{"line":260,"column":90}},"147":{"start":{"line":260,"column":90},"end":{"line":260,"column":131}},"148":{"start":{"line":267,"column":87},"end":{"line":267,"column":111}},"149":{"start":{"line":268,"column":122},"end":{"line":268,"column":145}},"150":{"start":{"line":269,"column":126},"end":{"line":269,"column":151}},"151":{"start":{"line":270,"column":121},"end":{"line":270,"column":145}},"152":{"start":{"line":278,"column":95},"end":{"line":278,"column":125}},"153":{"start":{"line":278,"column":371},"end":{"line":278,"column":390}},"154":{"start":{"line":280,"column":145},"end":{"line":280,"column":359}},"155":{"start":{"line":282,"column":140},"end":{"line":282,"column":516}},"156":{"start":{"line":299,"column":20},"end":{"line":313,"column":null}},"157":{"start":{"line":308,"column":51},"end":{"line":308,"column":115}},"158":{"start":{"line":309,"column":51},"end":{"line":309,"column":82}},"159":{"start":{"line":321,"column":323},"end":{"line":321,"column":358}},"160":{"start":{"line":321,"column":517},"end":{"line":321,"column":562}},"161":{"start":{"line":321,"column":703},"end":{"line":321,"column":746}},"162":{"start":{"line":332,"column":129},"end":{"line":332,"column":173}},"163":{"start":{"line":339,"column":6},"end":{"line":342,"column":null}},"164":{"start":{"line":340,"column":2},"end":{"line":342,"column":null}},"165":{"start":{"line":345,"column":6},"end":{"line":346,"column":null}},"166":{"start":{"line":346,"column":2},"end":{"line":346,"column":null}}},"fnMap":{"0":{"name":"(anonymous_0)","decl":{"start":{"line":22,"column":6},"end":{"line":22,"column":27}},"loc":{"start":{"line":22,"column":51},"end":{"line":25,"column":null}},"line":22},"1":{"name":"(anonymous_1)","decl":{"start":{"line":28,"column":6},"end":{"line":28,"column":41}},"loc":{"start":{"line":28,"column":131},"end":{"line":332,"column":null}},"line":28},"2":{"name":"(anonymous_2)","decl":{"start":{"line":52,"column":2},"end":{"line":52,"column":18}},"loc":{"start":{"line":52,"column":18},"end":{"line":55,"column":6}},"line":52},"3":{"name":"(anonymous_3)","decl":{"start":{"line":57,"column":28},"end":{"line":57,"column":40}},"loc":{"start":{"line":57,"column":40},"end":{"line":77,"column":null}},"line":57},"4":{"name":"(anonymous_4)","decl":{"start":{"line":81,"column":35},"end":{"line":81,"column":47}},"loc":{"start":{"line":81,"column":47},"end":{"line":86,"column":null}},"line":81},"5":{"name":"(anonymous_5)","decl":{"start":{"line":90,"column":26},"end":{"line":90,"column":38}},"loc":{"start":{"line":90,"column":38},"end":{"line":100,"column":null}},"line":90},"6":{"name":"(anonymous_6)","decl":{"start":{"line":104,"column":2},"end":{"line":104,"column":18}},"loc":{"start":{"line":104,"column":18},"end":{"line":106,"column":6}},"line":104},"7":{"name":"(anonymous_7)","decl":{"start":{"line":108,"column":25},"end":{"line":108,"column":37}},"loc":{"start":{"line":108,"column":37},"end":{"line":123,"column":null}},"line":108},"8":{"name":"(anonymous_8)","decl":{"start":{"line":120,"column":6},"end":{"line":120,"column":21}},"loc":{"start":{"line":120,"column":21},"end":{"line":120,"column":null}},"line":120},"9":{"name":"(anonymous_9)","decl":{"start":{"line":121,"column":6},"end":{"line":121,"column":14}},"loc":{"start":{"line":121,"column":22},"end":{"line":121,"column":null}},"line":121},"10":{"name":"(anonymous_10)","decl":{"start":{"line":122,"column":6},"end":{"line":122,"column":21}},"loc":{"start":{"line":122,"column":21},"end":{"line":122,"column":null}},"line":122},"11":{"name":"(anonymous_11)","decl":{"start":{"line":126,"column":28},"end":{"line":126,"column":40}},"loc":{"start":{"line":126,"column":40},"end":{"line":147,"column":null}},"line":126},"12":{"name":"(anonymous_12)","decl":{"start":{"line":134,"column":6},"end":{"line":134,"column":16}},"loc":{"start":{"line":134,"column":34},"end":{"line":139,"column":null}},"line":134},"13":{"name":"(anonymous_13)","decl":{"start":{"line":141,"column":6},"end":{"line":141,"column":14}},"loc":{"start":{"line":141,"column":22},"end":{"line":145,"column":null}},"line":141},"14":{"name":"(anonymous_14)","decl":{"start":{"line":150,"column":33},"end":{"line":150,"column":40}},"loc":{"start":{"line":150,"column":66},"end":{"line":162,"column":null}},"line":150},"15":{"name":"(anonymous_15)","decl":{"start":{"line":157,"column":6},"end":{"line":157,"column":21}},"loc":{"start":{"line":157,"column":21},"end":{"line":159,"column":null}},"line":157},"16":{"name":"(anonymous_16)","decl":{"start":{"line":161,"column":6},"end":{"line":161,"column":14}},"loc":{"start":{"line":161,"column":22},"end":{"line":161,"column":null}},"line":161},"17":{"name":"(anonymous_17)","decl":{"start":{"line":165,"column":27},"end":{"line":165,"column":39}},"loc":{"start":{"line":165,"column":39},"end":{"line":176,"column":null}},"line":165},"18":{"name":"(anonymous_18)","decl":{"start":{"line":173,"column":6},"end":{"line":173,"column":21}},"loc":{"start":{"line":173,"column":21},"end":{"line":173,"column":null}},"line":173},"19":{"name":"(anonymous_19)","decl":{"start":{"line":174,"column":6},"end":{"line":174,"column":14}},"loc":{"start":{"line":174,"column":22},"end":{"line":174,"column":null}},"line":174},"20":{"name":"(anonymous_20)","decl":{"start":{"line":175,"column":6},"end":{"line":175,"column":21}},"loc":{"start":{"line":175,"column":21},"end":{"line":175,"column":null}},"line":175},"21":{"name":"(anonymous_21)","decl":{"start":{"line":179,"column":24},"end":{"line":179,"column":36}},"loc":{"start":{"line":179,"column":36},"end":{"line":191,"column":null}},"line":179},"22":{"name":"(anonymous_22)","decl":{"start":{"line":188,"column":6},"end":{"line":188,"column":21}},"loc":{"start":{"line":188,"column":21},"end":{"line":188,"column":null}},"line":188},"23":{"name":"(anonymous_23)","decl":{"start":{"line":189,"column":6},"end":{"line":189,"column":14}},"loc":{"start":{"line":189,"column":22},"end":{"line":189,"column":null}},"line":189},"24":{"name":"(anonymous_24)","decl":{"start":{"line":190,"column":6},"end":{"line":190,"column":21}},"loc":{"start":{"line":190,"column":21},"end":{"line":190,"column":null}},"line":190},"25":{"name":"(anonymous_25)","decl":{"start":{"line":194,"column":23},"end":{"line":194,"column":35}},"loc":{"start":{"line":194,"column":35},"end":{"line":210,"column":null}},"line":194},"26":{"name":"(anonymous_26)","decl":{"start":{"line":197,"column":6},"end":{"line":197,"column":23}},"loc":{"start":{"line":197,"column":23},"end":{"line":197,"column":47}},"line":197},"27":{"name":"(anonymous_27)","decl":{"start":{"line":208,"column":6},"end":{"line":208,"column":21}},"loc":{"start":{"line":208,"column":21},"end":{"line":208,"column":null}},"line":208},"28":{"name":"(anonymous_28)","decl":{"start":{"line":209,"column":6},"end":{"line":209,"column":14}},"loc":{"start":{"line":209,"column":22},"end":{"line":209,"column":null}},"line":209},"29":{"name":"(anonymous_29)","decl":{"start":{"line":213,"column":18},"end":{"line":213,"column":32}},"loc":{"start":{"line":213,"column":32},"end":{"line":229,"column":6}},"line":213},"30":{"name":"(anonymous_30)","decl":{"start":{"line":252,"column":22},"end":{"line":252,"column":37}},"loc":{"start":{"line":252,"column":37},"end":{"line":252,"column":55}},"line":252},"31":{"name":"(anonymous_31)","decl":{"start":{"line":260,"column":33},"end":{"line":260,"column":48}},"loc":{"start":{"line":260,"column":48},"end":{"line":260,"column":131}},"line":260},"32":{"name":"(anonymous_32)","decl":{"start":{"line":267,"column":72},"end":{"line":267,"column":87}},"loc":{"start":{"line":267,"column":87},"end":{"line":267,"column":111}},"line":267},"33":{"name":"(anonymous_33)","decl":{"start":{"line":268,"column":107},"end":{"line":268,"column":122}},"loc":{"start":{"line":268,"column":122},"end":{"line":268,"column":145}},"line":268},"34":{"name":"(anonymous_34)","decl":{"start":{"line":269,"column":111},"end":{"line":269,"column":126}},"loc":{"start":{"line":269,"column":126},"end":{"line":269,"column":151}},"line":269},"35":{"name":"(anonymous_35)","decl":{"start":{"line":270,"column":106},"end":{"line":270,"column":121}},"loc":{"start":{"line":270,"column":121},"end":{"line":270,"column":145}},"line":270},"36":{"name":"(anonymous_36)","decl":{"start":{"line":278,"column":78},"end":{"line":278,"column":89}},"loc":{"start":{"line":278,"column":95},"end":{"line":278,"column":125}},"line":278},"37":{"name":"(anonymous_37)","decl":{"start":{"line":278,"column":356},"end":{"line":278,"column":371}},"loc":{"start":{"line":278,"column":371},"end":{"line":278,"column":390}},"line":278},"38":{"name":"(anonymous_38)","decl":{"start":{"line":280,"column":127},"end":{"line":280,"column":132}},"loc":{"start":{"line":280,"column":145},"end":{"line":280,"column":359}},"line":280},"39":{"name":"(anonymous_39)","decl":{"start":{"line":282,"column":125},"end":{"line":282,"column":130}},"loc":{"start":{"line":282,"column":140},"end":{"line":282,"column":516}},"line":282},"40":{"name":"(anonymous_40)","decl":{"start":{"line":298,"column":39},"end":{"line":298,"column":44}},"loc":{"start":{"line":299,"column":20},"end":{"line":313,"column":null}},"line":299},"41":{"name":"(anonymous_41)","decl":{"start":{"line":308,"column":36},"end":{"line":308,"column":51}},"loc":{"start":{"line":308,"column":51},"end":{"line":308,"column":115}},"line":308},"42":{"name":"(anonymous_42)","decl":{"start":{"line":309,"column":36},"end":{"line":309,"column":51}},"loc":{"start":{"line":309,"column":51},"end":{"line":309,"column":82}},"line":309},"43":{"name":"(anonymous_43)","decl":{"start":{"line":321,"column":308},"end":{"line":321,"column":323}},"loc":{"start":{"line":321,"column":323},"end":{"line":321,"column":358}},"line":321},"44":{"name":"(anonymous_44)","decl":{"start":{"line":321,"column":502},"end":{"line":321,"column":517}},"loc":{"start":{"line":321,"column":517},"end":{"line":321,"column":562}},"line":321},"45":{"name":"(anonymous_45)","decl":{"start":{"line":321,"column":688},"end":{"line":321,"column":703}},"loc":{"start":{"line":321,"column":703},"end":{"line":321,"column":746}},"line":321},"46":{"name":"(anonymous_46)","decl":{"start":{"line":332,"column":112},"end":{"line":332,"column":123}},"loc":{"start":{"line":332,"column":129},"end":{"line":332,"column":173}},"line":332},"47":{"name":"(anonymous_47)","decl":{"start":{"line":339,"column":6},"end":{"line":339,"column":21}},"loc":{"start":{"line":340,"column":2},"end":{"line":342,"column":null}},"line":340},"48":{"name":"(anonymous_48)","decl":{"start":{"line":345,"column":6},"end":{"line":345,"column":17}},"loc":{"start":{"line":346,"column":2},"end":{"line":346,"column":null}},"line":346}},"branchMap":{"0":{"loc":{"start":{"line":23,"column":2},"end":{"line":23,"column":null}},"type":"if","locations":[{"start":{"line":23,"column":2},"end":{"line":23,"column":null}},{"start":{},"end":{}}],"line":23},"1":{"loc":{"start":{"line":24,"column":2},"end":{"line":24,"column":null}},"type":"if","locations":[{"start":{"line":24,"column":2},"end":{"line":24,"column":null}},{"start":{},"end":{}}],"line":24},"2":{"loc":{"start":{"line":54,"column":4},"end":{"line":54,"column":null}},"type":"if","locations":[{"start":{"line":54,"column":4},"end":{"line":54,"column":null}},{"start":{},"end":{}}],"line":54},"3":{"loc":{"start":{"line":67,"column":6},"end":{"line":72,"column":null}},"type":"if","locations":[{"start":{"line":67,"column":6},"end":{"line":72,"column":null}},{"start":{},"end":{}}],"line":67},"4":{"loc":{"start":{"line":69,"column":18},"end":{"line":69,"column":null}},"type":"binary-expr","locations":[{"start":{"line":69,"column":18},"end":{"line":69,"column":43}},{"start":{"line":69,"column":43},"end":{"line":69,"column":null}}],"line":69},"5":{"loc":{"start":{"line":72,"column":25},"end":{"line":72,"column":86}},"type":"binary-expr","locations":[{"start":{"line":72,"column":25},"end":{"line":72,"column":57}},{"start":{"line":72,"column":57},"end":{"line":72,"column":84}},{"start":{"line":72,"column":84},"end":{"line":72,"column":86}}],"line":72},"6":{"loc":{"start":{"line":84,"column":29},"end":{"line":84,"column":59}},"type":"binary-expr","locations":[{"start":{"line":84,"column":29},"end":{"line":84,"column":57}},{"start":{"line":84,"column":57},"end":{"line":84,"column":59}}],"line":84},"7":{"loc":{"start":{"line":105,"column":4},"end":{"line":105,"column":null}},"type":"if","locations":[{"start":{"line":105,"column":4},"end":{"line":105,"column":null}},{"start":{},"end":{}}],"line":105},"8":{"loc":{"start":{"line":144,"column":8},"end":{"line":144,"column":null}},"type":"if","locations":[{"start":{"line":144,"column":8},"end":{"line":144,"column":null}},{"start":{},"end":{}}],"line":144},"9":{"loc":{"start":{"line":144,"column":12},"end":{"line":144,"column":66}},"type":"binary-expr","locations":[{"start":{"line":144,"column":12},"end":{"line":144,"column":34}},{"start":{"line":144,"column":38},"end":{"line":144,"column":66}}],"line":144},"10":{"loc":{"start":{"line":180,"column":4},"end":{"line":180,"column":null}},"type":"if","locations":[{"start":{"line":180,"column":4},"end":{"line":180,"column":null}},{"start":{},"end":{}}],"line":180},"11":{"loc":{"start":{"line":195,"column":4},"end":{"line":198,"column":null}},"type":"if","locations":[{"start":{"line":195,"column":4},"end":{"line":198,"column":null}},{"start":{},"end":{}}],"line":195},"12":{"loc":{"start":{"line":214,"column":4},"end":{"line":214,"column":null}},"type":"if","locations":[{"start":{"line":214,"column":4},"end":{"line":214,"column":null}},{"start":{},"end":{}}],"line":214},"13":{"loc":{"start":{"line":214,"column":8},"end":{"line":214,"column":56}},"type":"binary-expr","locations":[{"start":{"line":214,"column":8},"end":{"line":214,"column":20}},{"start":{"line":214,"column":20},"end":{"line":214,"column":56}}],"line":214},"14":{"loc":{"start":{"line":220,"column":6},"end":{"line":224,"column":null}},"type":"if","locations":[{"start":{"line":220,"column":6},"end":{"line":224,"column":null}},{"start":{"line":221,"column":15},"end":{"line":224,"column":null}}],"line":220},"15":{"loc":{"start":{"line":221,"column":15},"end":{"line":224,"column":null}},"type":"if","locations":[{"start":{"line":221,"column":15},"end":{"line":224,"column":null}},{"start":{},"end":{}}],"line":221},"16":{"loc":{"start":{"line":221,"column":15},"end":{"line":221,"column":57}},"type":"binary-expr","locations":[{"start":{"line":221,"column":15},"end":{"line":221,"column":31}},{"start":{"line":221,"column":31},"end":{"line":221,"column":57}}],"line":221},"17":{"loc":{"start":{"line":223,"column":22},"end":{"line":223,"column":null}},"type":"binary-expr","locations":[{"start":{"line":223,"column":22},"end":{"line":223,"column":40}},{"start":{"line":223,"column":44},"end":{"line":223,"column":null}}],"line":223},"18":{"loc":{"start":{"line":224,"column":8},"end":{"line":224,"column":null}},"type":"if","locations":[{"start":{"line":224,"column":8},"end":{"line":224,"column":null}},{"start":{},"end":{}}],"line":224},"19":{"loc":{"start":{"line":226,"column":6},"end":{"line":226,"column":null}},"type":"if","locations":[{"start":{"line":226,"column":6},"end":{"line":226,"column":null}},{"start":{},"end":{}}],"line":226},"20":{"loc":{"start":{"line":226,"column":10},"end":{"line":226,"column":48}},"type":"binary-expr","locations":[{"start":{"line":226,"column":10},"end":{"line":226,"column":26}},{"start":{"line":226,"column":26},"end":{"line":226,"column":41}},{"start":{"line":226,"column":41},"end":{"line":226,"column":48}}],"line":226},"21":{"loc":{"start":{"line":250,"column":11},"end":{"line":258,"column":null}},"type":"binary-expr","locations":[{"start":{"line":250,"column":11},"end":{"line":250,"column":null}},{"start":{"line":251,"column":12},"end":{"line":258,"column":null}}],"line":250},"22":{"loc":{"start":{"line":253,"column":158},"end":{"line":253,"column":null}},"type":"cond-expr","locations":[{"start":{"line":253,"column":185},"end":{"line":253,"column":249}},{"start":{"line":253,"column":249},"end":{"line":253,"column":null}}],"line":253},"23":{"loc":{"start":{"line":254,"column":17},"end":{"line":255,"column":40}},"type":"cond-expr","locations":[{"start":{"line":254,"column":44},"end":{"line":254,"column":94}},{"start":{"line":254,"column":93},"end":{"line":255,"column":40}}],"line":254},"24":{"loc":{"start":{"line":255,"column":17},"end":{"line":255,"column":null}},"type":"binary-expr","locations":[{"start":{"line":255,"column":17},"end":{"line":255,"column":45}},{"start":{"line":255,"column":45},"end":{"line":255,"column":null}}],"line":255},"25":{"loc":{"start":{"line":260,"column":11},"end":{"line":260,"column":null}},"type":"binary-expr","locations":[{"start":{"line":260,"column":11},"end":{"line":260,"column":25}},{"start":{"line":260,"column":25},"end":{"line":260,"column":null}}],"line":260},"26":{"loc":{"start":{"line":265,"column":7},"end":{"line":270,"column":null}},"type":"binary-expr","locations":[{"start":{"line":265,"column":7},"end":{"line":265,"column":null}},{"start":{"line":266,"column":8},"end":{"line":270,"column":null}}],"line":265},"27":{"loc":{"start":{"line":268,"column":11},"end":{"line":268,"column":null}},"type":"binary-expr","locations":[{"start":{"line":268,"column":11},"end":{"line":268,"column":49}},{"start":{"line":268,"column":49},"end":{"line":268,"column":null}}],"line":268},"28":{"loc":{"start":{"line":269,"column":11},"end":{"line":269,"column":null}},"type":"binary-expr","locations":[{"start":{"line":269,"column":11},"end":{"line":269,"column":49}},{"start":{"line":269,"column":49},"end":{"line":269,"column":null}}],"line":269},"29":{"loc":{"start":{"line":270,"column":11},"end":{"line":270,"column":null}},"type":"binary-expr","locations":[{"start":{"line":270,"column":11},"end":{"line":270,"column":49}},{"start":{"line":270,"column":49},"end":{"line":270,"column":null}}],"line":270},"30":{"loc":{"start":{"line":275,"column":9},"end":{"line":322,"column":null}},"type":"cond-expr","locations":[{"start":{"line":276,"column":10},"end":{"line":277,"column":null}},{"start":{"line":277,"column":12},"end":{"line":322,"column":null}}],"line":275},"31":{"loc":{"start":{"line":277,"column":12},"end":{"line":322,"column":null}},"type":"cond-expr","locations":[{"start":{"line":278,"column":10},"end":{"line":279,"column":26}},{"start":{"line":279,"column":12},"end":{"line":322,"column":null}}],"line":277},"32":{"loc":{"start":{"line":278,"column":799},"end":{"line":278,"column":null}},"type":"cond-expr","locations":[{"start":{"line":278,"column":814},"end":{"line":278,"column":864}},{"start":{"line":278,"column":863},"end":{"line":278,"column":null}}],"line":278},"33":{"loc":{"start":{"line":279,"column":12},"end":{"line":322,"column":null}},"type":"cond-expr","locations":[{"start":{"line":280,"column":10},"end":{"line":281,"column":26}},{"start":{"line":281,"column":12},"end":{"line":322,"column":null}}],"line":279},"34":{"loc":{"start":{"line":280,"column":286},"end":{"line":280,"column":332}},"type":"cond-expr","locations":[{"start":{"line":280,"column":307},"end":{"line":280,"column":327}},{"start":{"line":280,"column":327},"end":{"line":280,"column":332}}],"line":280},"35":{"loc":{"start":{"line":281,"column":12},"end":{"line":322,"column":null}},"type":"cond-expr","locations":[{"start":{"line":282,"column":10},"end":{"line":283,"column":26}},{"start":{"line":283,"column":12},"end":{"line":322,"column":null}}],"line":281},"36":{"loc":{"start":{"line":282,"column":96},"end":{"line":282,"column":752}},"type":"cond-expr","locations":[{"start":{"line":282,"column":117},"end":{"line":282,"column":516}},{"start":{"line":282,"column":519},"end":{"line":282,"column":752}}],"line":282},"37":{"loc":{"start":{"line":283,"column":12},"end":{"line":322,"column":null}},"type":"cond-expr","locations":[{"start":{"line":284,"column":10},"end":{"line":292,"column":11}},{"start":{"line":292,"column":10},"end":{"line":322,"column":null}}],"line":283},"38":{"loc":{"start":{"line":285,"column":13},"end":{"line":288,"column":null}},"type":"cond-expr","locations":[{"start":{"line":286,"column":14},"end":{"line":288,"column":15}},{"start":{"line":288,"column":14},"end":{"line":288,"column":null}}],"line":285},"39":{"loc":{"start":{"line":288,"column":135},"end":{"line":288,"column":193}},"type":"binary-expr","locations":[{"start":{"line":288,"column":135},"end":{"line":288,"column":149}},{"start":{"line":288,"column":149},"end":{"line":288,"column":193}}],"line":288},"40":{"loc":{"start":{"line":294,"column":13},"end":{"line":315,"column":null}},"type":"binary-expr","locations":[{"start":{"line":294,"column":13},"end":{"line":294,"column":null}},{"start":{"line":295,"column":14},"end":{"line":315,"column":null}}],"line":294},"41":{"loc":{"start":{"line":305,"column":99},"end":{"line":305,"column":194}},"type":"cond-expr","locations":[{"start":{"line":305,"column":124},"end":{"line":305,"column":159}},{"start":{"line":305,"column":159},"end":{"line":305,"column":194}}],"line":305},"42":{"loc":{"start":{"line":306,"column":25},"end":{"line":310,"column":null}},"type":"binary-expr","locations":[{"start":{"line":306,"column":25},"end":{"line":306,"column":null}},{"start":{"line":307,"column":26},"end":{"line":310,"column":null}}],"line":306},"43":{"loc":{"start":{"line":322,"column":339},"end":{"line":322,"column":444}},"type":"cond-expr","locations":[{"start":{"line":322,"column":353},"end":{"line":322,"column":403}},{"start":{"line":322,"column":402},"end":{"line":322,"column":444}}],"line":322},"44":{"loc":{"start":{"line":322,"column":430},"end":{"line":322,"column":null}},"type":"cond-expr","locations":[{"start":{"line":322,"column":444},"end":{"line":322,"column":468}},{"start":{"line":322,"column":468},"end":{"line":322,"column":null}}],"line":322},"45":{"loc":{"start":{"line":329,"column":7},"end":{"line":332,"column":null}},"type":"binary-expr","locations":[{"start":{"line":329,"column":7},"end":{"line":329,"column":21}},{"start":{"line":329,"column":21},"end":{"line":329,"column":null}},{"start":{"line":330,"column":8},"end":{"line":332,"column":null}}],"line":329},"46":{"loc":{"start":{"line":332,"column":273},"end":{"line":332,"column":null}},"type":"binary-expr","locations":[{"start":{"line":332,"column":273},"end":{"line":332,"column":314}},{"start":{"line":332,"column":314},"end":{"line":332,"column":null}}],"line":332},"47":{"loc":{"start":{"line":340,"column":90},"end":{"line":340,"column":null}},"type":"cond-expr","locations":[{"start":{"line":340,"column":99},"end":{"line":340,"column":200}},{"start":{"line":340,"column":200},"end":{"line":340,"column":null}}],"line":340},"48":{"loc":{"start":{"line":341,"column":100},"end":{"line":341,"column":148}},"type":"cond-expr","locations":[{"start":{"line":341,"column":109},"end":{"line":341,"column":126}},{"start":{"line":341,"column":126},"end":{"line":341,"column":148}}],"line":341},"49":{"loc":{"start":{"line":346,"column":126},"end":{"line":346,"column":192}},"type":"cond-expr","locations":[{"start":{"line":346,"column":135},"end":{"line":346,"column":152}},{"start":{"line":346,"column":152},"end":{"line":346,"column":192}}],"line":346},"50":{"loc":{"start":{"line":346,"column":199},"end":{"line":346,"column":null}},"type":"binary-expr","locations":[{"start":{"line":346,"column":199},"end":{"line":346,"column":209}},{"start":{"line":346,"column":209},"end":{"line":346,"column":null}}],"line":346}},"s":{"0":4,"1":0,"2":0,"3":0,"4":0,"5":0,"6":4,"7":28,"8":28,"9":28,"10":28,"11":28,"12":28,"13":28,"14":28,"15":28,"16":28,"17":28,"18":28,"19":28,"20":28,"21":28,"22":28,"23":8,"24":8,"25":3,"26":28,"27":8,"28":8,"29":8,"30":8,"31":8,"32":8,"33":0,"34":0,"35":0,"36":0,"37":0,"38":0,"39":8,"40":28,"41":3,"42":3,"43":3,"44":0,"45":28,"46":0,"47":0,"48":0,"49":0,"50":0,"51":0,"52":28,"53":10,"54":0,"55":28,"56":1,"57":1,"58":1,"59":1,"60":0,"61":0,"62":0,"63":0,"64":0,"65":0,"66":0,"67":0,"68":0,"69":28,"70":1,"71":1,"72":1,"73":0,"74":0,"75":0,"76":0,"77":0,"78":0,"79":0,"80":0,"81":0,"82":0,"83":28,"84":0,"85":0,"86":0,"87":0,"88":0,"89":28,"90":0,"91":0,"92":0,"93":0,"94":0,"95":0,"96":0,"97":0,"98":28,"99":0,"100":0,"101":0,"102":0,"103":0,"104":0,"105":0,"106":0,"107":0,"108":0,"109":28,"110":2,"111":1,"112":1,"113":0,"114":1,"115":1,"116":1,"117":1,"118":1,"119":0,"120":0,"121":0,"122":0,"123":0,"124":28,"125":14,"126":11,"127":3,"128":3,"129":3,"130":3,"131":3,"132":16,"133":16,"134":1,"135":15,"136":2,"137":2,"138":2,"139":2,"140":16,"141":1,"142":3,"143":28,"144":28,"145":1,"146":0,"147":0,"148":0,"149":1,"150":1,"151":0,"152":1,"153":0,"154":29,"155":2,"156":0,"157":0,"158":0,"159":0,"160":1,"161":0,"162":0,"163":4,"164":9,"165":4,"166":53},"f":{"0":0,"1":28,"2":8,"3":8,"4":3,"5":0,"6":10,"7":1,"8":0,"9":0,"10":0,"11":1,"12":0,"13":0,"14":0,"15":0,"16":0,"17":0,"18":0,"19":0,"20":0,"21":0,"22":0,"23":0,"24":0,"25":2,"26":0,"27":0,"28":0,"29":14,"30":1,"31":0,"32":0,"33":1,"34":1,"35":0,"36":1,"37":0,"38":29,"39":2,"40":0,"41":0,"42":0,"43":0,"44":1,"45":0,"46":0,"47":9,"48":53},"b":{"0":[0,0],"1":[0,0],"2":[3,5],"3":[0,8],"4":[0,0],"5":[0,0,0],"6":[3,3],"7":[0,10],"8":[0,0],"9":[0,0],"10":[0,0],"11":[1,1],"12":[11,3],"13":[14,7],"14":[1,15],"15":[2,13],"16":[15,5],"17":[2,0],"18":[2,0],"19":[1,15],"20":[16,6,1],"21":[28,26],"22":[1,25],"23":[1,25],"24":[26,1],"25":[28,26],"26":[28,26],"27":[26,11],"28":[26,11],"29":[26,11],"30":[10,18],"31":[2,16],"32":[0,2],"33":[12,4],"34":[23,6],"35":[1,3],"36":[1,0],"37":[0,3],"38":[0,0],"39":[0,0],"40":[3,0],"41":[0,0],"42":[0,0],"43":[1,2],"44":[1,2],"45":[28,26,0],"46":[0,0],"47":[3,6],"48":[3,6],"49":[23,30],"50":[53,23]},"meta":{"lastBranch":51,"lastFunction":49,"lastStatement":167,"seen":{"s:22:6:25:Infinity":0,"f:22:6:22:27":0,"b:23:2:23:Infinity:undefined:undefined:undefined:undefined":0,"s:23:2:23:Infinity":1,"s:23:68:23:Infinity":2,"b:24:2:24:Infinity:undefined:undefined:undefined:undefined":1,"s:24:2:24:Infinity":3,"s:24:33:24:Infinity":4,"s:25:2:25:Infinity":5,"s:28:6:332:Infinity":6,"f:28:6:28:41":1,"s:29:18:29:52":7,"s:30:18:30:46":8,"s:31:20:31:87":9,"s:33:20:33:51":10,"s:34:22:34:52":11,"s:35:23:35:57":12,"s:37:27:37:69":13,"s:38:26:38:67":14,"s:39:24:39:63":15,"s:41:29:41:65":16,"s:44:21:44:64":17,"s:45:22:45:55":18,"s:46:30:46:75":19,"s:49:21:49:58":20,"s:50:22:50:55":21,"s:52:2:55:Infinity":22,"f:52:2:52:18":2,"s:53:4:53:Infinity":23,"b:54:4:54:Infinity:undefined:undefined:undefined:undefined":2,"s:54:4:54:Infinity":24,"s:54:44:54:Infinity":25,"s:57:28:77:Infinity":26,"f:57:28:57:40":3,"s:58:4:58:Infinity":27,"s:59:4:77:Infinity":28,"s:60:19:63:8":29,"s:64:6:64:Infinity":30,"s:65:6:65:Infinity":31,"b:67:6:72:Infinity:undefined:undefined:undefined:undefined":3,"s:67:6:72:Infinity":32,"s:68:23:68:44":33,"s:69:18:69:Infinity":34,"b:69:18:69:43:69:43:69:Infinity":4,"s:70:8:70:Infinity":35,"s:71:8:71:Infinity":36,"s:72:8:72:Infinity":37,"b:72:25:72:57:72:57:72:84:72:84:72:86":5,"s:75:6:75:Infinity":38,"s:77:6:77:Infinity":39,"s:81:35:86:Infinity":40,"f:81:35:81:47":4,"s:82:4:86:Infinity":41,"s:83:23:83:92":42,"s:84:6:84:Infinity":43,"b:84:29:84:57:84:57:84:59":6,"s:86:6:86:Infinity":44,"s:90:26:100:Infinity":45,"f:90:26:90:38":5,"s:91:4:91:Infinity":46,"s:92:4:100:Infinity":47,"s:93:19:95:8":48,"s:96:6:96:Infinity":49,"s:98:6:98:Infinity":50,"s:100:6:100:Infinity":51,"s:104:2:106:Infinity":52,"f:104:2:104:18":6,"b:105:4:105:Infinity:undefined:undefined:undefined:undefined":7,"s:105:4:105:Infinity":53,"s:105:30:105:Infinity":54,"s:108:25:123:Infinity":55,"f:108:25:108:37":7,"s:109:4:111:Infinity":56,"s:109:10:109:49":57,"s:110:6:110:Infinity":58,"s:111:6:111:Infinity":59,"s:113:4:113:Infinity":60,"s:114:10:117:6":61,"s:118:4:123:Infinity":62,"f:120:6:120:21":8,"s:120:23:120:48":63,"s:120:48:120:69":64,"s:120:69:120:82":65,"s:120:82:120:Infinity":66,"f:121:6:121:14":9,"s:121:22:121:Infinity":67,"f:122:6:122:21":10,"s:122:21:122:Infinity":68,"s:126:28:147:Infinity":69,"f:126:28:126:40":11,"s:127:4:127:Infinity":70,"s:128:10:130:6":71,"s:132:4:147:Infinity":72,"f:134:6:134:16":12,"s:135:8:135:Infinity":73,"s:136:8:136:Infinity":74,"s:137:8:137:Infinity":75,"s:138:8:138:Infinity":76,"s:139:8:139:Infinity":77,"f:141:6:141:14":13,"s:142:8:142:Infinity":78,"s:143:23:143:34":79,"b:144:8:144:Infinity:undefined:undefined:undefined:undefined":8,"s:144:8:144:Infinity":80,"b:144:12:144:34:144:38:144:66":9,"s:144:68:144:Infinity":81,"s:145:8:145:Infinity":82,"s:150:33:162:Infinity":83,"f:150:33:150:40":14,"s:151:10:153:6":84,"s:155:4:162:Infinity":85,"f:157:6:157:21":15,"s:158:8:158:Infinity":86,"s:159:8:159:Infinity":87,"f:161:6:161:14":16,"s:161:22:161:Infinity":88,"s:165:27:176:Infinity":89,"f:165:27:165:39":17,"s:166:4:166:Infinity":90,"s:167:10:170:6":91,"s:171:4:176:Infinity":92,"f:173:6:173:21":18,"s:173:23:173:61":93,"s:173:61:173:74":94,"s:173:74:173:Infinity":95,"f:174:6:174:14":19,"s:174:22:174:Infinity":96,"f:175:6:175:21":20,"s:175:21:175:Infinity":97,"s:179:24:191:Infinity":98,"f:179:24:179:36":21,"b:180:4:180:Infinity:undefined:undefined:undefined:undefined":10,"s:180:4:180:Infinity":99,"s:180:53:180:Infinity":100,"s:181:4:181:Infinity":101,"s:182:10:185:6":102,"s:186:4:191:Infinity":103,"f:188:6:188:21":22,"s:188:23:188:36":104,"s:188:36:188:57":105,"s:188:57:188:Infinity":106,"f:189:6:189:14":23,"s:189:22:189:Infinity":107,"f:190:6:190:21":24,"s:190:21:190:Infinity":108,"s:194:23:210:Infinity":109,"f:194:23:194:35":25,"b:195:4:198:Infinity:undefined:undefined:undefined:undefined":11,"s:195:4:198:Infinity":110,"s:196:6:196:Infinity":111,"s:197:6:197:Infinity":112,"f:197:6:197:23":26,"s:197:23:197:47":113,"s:198:6:198:Infinity":114,"s:200:4:200:Infinity":115,"s:201:4:201:Infinity":116,"s:202:10:205:6":117,"s:206:4:210:Infinity":118,"f:208:6:208:21":27,"s:208:23:208:36":119,"s:208:36:208:47":120,"s:208:47:208:Infinity":121,"f:209:6:209:14":28,"s:209:24:209:50":122,"s:209:50:209:Infinity":123,"s:213:8:229:41":124,"f:213:18:213:32":29,"b:214:4:214:Infinity:undefined:undefined:undefined:undefined":12,"s:214:4:214:Infinity":125,"b:214:8:214:20:214:20:214:56":13,"s:214:56:214:Infinity":126,"s:215:50:215:52":127,"s:216:18:216:37":128,"s:217:23:217:Infinity":129,"s:218:4:226:Infinity":130,"s:218:17:218:20":131,"s:219:19:219:34":132,"b:220:6:224:Infinity:221:15:224:Infinity":14,"s:220:6:224:Infinity":133,"s:220:27:220:Infinity":134,"b:221:15:224:Infinity:undefined:undefined:undefined:undefined":15,"s:221:15:224:Infinity":135,"b:221:15:221:31:221:31:221:57":16,"s:222:21:222:55":136,"s:223:22:223:Infinity":137,"b:223:22:223:40:223:44:223:Infinity":17,"b:224:8:224:Infinity:undefined:undefined:undefined:undefined":18,"s:224:8:224:Infinity":138,"s:224:40:224:Infinity":139,"b:226:6:226:Infinity:undefined:undefined:undefined:undefined":19,"s:226:6:226:Infinity":140,"b:226:10:226:26:226:26:226:41:226:41:226:48":20,"s:226:48:226:Infinity":141,"s:228:4:228:Infinity":142,"s:231:20:231:98":143,"s:233:2:332:Infinity":144,"b:250:11:250:Infinity:251:12:258:Infinity":21,"f:252:22:252:37":30,"s:252:37:252:55":145,"b:253:185:253:249:253:249:253:Infinity":22,"b:254:44:254:94:254:93:255:40":23,"b:255:17:255:45:255:45:255:Infinity":24,"b:260:11:260:25:260:25:260:Infinity":25,"f:260:33:260:48":31,"s:260:50:260:90":146,"s:260:90:260:131":147,"b:265:7:265:Infinity:266:8:270:Infinity":26,"f:267:72:267:87":32,"s:267:87:267:111":148,"b:268:11:268:49:268:49:268:Infinity":27,"f:268:107:268:122":33,"s:268:122:268:145":149,"b:269:11:269:49:269:49:269:Infinity":28,"f:269:111:269:126":34,"s:269:126:269:151":150,"b:270:11:270:49:270:49:270:Infinity":29,"f:270:106:270:121":35,"s:270:121:270:145":151,"b:276:10:277:Infinity:277:12:322:Infinity":30,"b:278:10:279:26:279:12:322:Infinity":31,"f:278:78:278:89":36,"s:278:95:278:125":152,"f:278:356:278:371":37,"s:278:371:278:390":153,"b:278:814:278:864:278:863:278:Infinity":32,"b:280:10:281:26:281:12:322:Infinity":33,"f:280:127:280:132":38,"s:280:145:280:359":154,"b:280:307:280:327:280:327:280:332":34,"b:282:10:283:26:283:12:322:Infinity":35,"b:282:117:282:516:282:519:282:752":36,"f:282:125:282:130":39,"s:282:140:282:516":155,"b:284:10:292:11:292:10:322:Infinity":37,"b:286:14:288:15:288:14:288:Infinity":38,"b:288:135:288:149:288:149:288:193":39,"b:294:13:294:Infinity:295:14:315:Infinity":40,"f:298:39:298:44":40,"s:299:20:313:Infinity":156,"b:305:124:305:159:305:159:305:194":41,"b:306:25:306:Infinity:307:26:310:Infinity":42,"f:308:36:308:51":41,"s:308:51:308:115":157,"f:309:36:309:51":42,"s:309:51:309:82":158,"f:321:308:321:323":43,"s:321:323:321:358":159,"f:321:502:321:517":44,"s:321:517:321:562":160,"f:321:688:321:703":45,"s:321:703:321:746":161,"b:322:353:322:403:322:402:322:444":43,"b:322:444:322:468:322:468:322:Infinity":44,"b:329:7:329:21:329:21:329:Infinity:330:8:332:Infinity":45,"f:332:112:332:123":46,"s:332:129:332:173":162,"b:332:273:332:314:332:314:332:Infinity":46,"s:339:6:342:Infinity":163,"f:339:6:339:21":47,"s:340:2:342:Infinity":164,"b:340:99:340:200:340:200:340:Infinity":47,"b:341:109:341:126:341:126:341:148":48,"s:345:6:346:Infinity":165,"f:345:6:345:17":48,"s:346:2:346:Infinity":166,"b:346:135:346:152:346:152:346:192":49,"b:346:199:346:209:346:209:346:Infinity":50}}}
,"/home/cjs/local/palantir/frontend/src/components/Terminal.tsx": {"path":"/home/cjs/local/palantir/frontend/src/components/Terminal.tsx","statementMap":{"0":{"start":{"line":17,"column":6},"end":{"line":148,"column":null}},"1":{"start":{"line":18,"column":8},"end":{"line":18,"column":50}},"2":{"start":{"line":19,"column":8},"end":{"line":19,"column":45}},"3":{"start":{"line":20,"column":8},"end":{"line":20,"column":50}},"4":{"start":{"line":21,"column":23},"end":{"line":21,"column":57}},"5":{"start":{"line":23,"column":2},"end":{"line":113,"column":null}},"6":{"start":{"line":24,"column":4},"end":{"line":24,"column":null}},"7":{"start":{"line":24,"column":30},"end":{"line":24,"column":null}},"8":{"start":{"line":26,"column":17},"end":{"line":37,"column":6}},"9":{"start":{"line":39,"column":21},"end":{"line":39,"column":35}},"10":{"start":{"line":40,"column":4},"end":{"line":40,"column":null}},"11":{"start":{"line":41,"column":4},"end":{"line":41,"column":null}},"12":{"start":{"line":42,"column":4},"end":{"line":42,"column":null}},"13":{"start":{"line":43,"column":4},"end":{"line":43,"column":null}},"14":{"start":{"line":45,"column":4},"end":{"line":45,"column":null}},"15":{"start":{"line":51,"column":25},"end":{"line":94,"column":null}},"16":{"start":{"line":52,"column":6},"end":{"line":94,"column":null}},"17":{"start":{"line":53,"column":38},"end":{"line":53,"column":54}},"18":{"start":{"line":54,"column":8},"end":{"line":91,"column":null}},"19":{"start":{"line":55,"column":22},"end":{"line":59,"column":12}},"20":{"start":{"line":60,"column":10},"end":{"line":60,"column":null}},"21":{"start":{"line":62,"column":10},"end":{"line":64,"column":null}},"22":{"start":{"line":63,"column":12},"end":{"line":63,"column":null}},"23":{"start":{"line":63,"column":46},"end":{"line":63,"column":null}},"24":{"start":{"line":66,"column":10},"end":{"line":74,"column":null}},"25":{"start":{"line":67,"column":12},"end":{"line":72,"column":null}},"26":{"start":{"line":68,"column":14},"end":{"line":68,"column":null}},"27":{"start":{"line":69,"column":14},"end":{"line":69,"column":null}},"28":{"start":{"line":71,"column":14},"end":{"line":71,"column":null}},"29":{"start":{"line":72,"column":14},"end":{"line":72,"column":null}},"30":{"start":{"line":76,"column":10},"end":{"line":78,"column":null}},"31":{"start":{"line":77,"column":12},"end":{"line":77,"column":null}},"32":{"start":{"line":77,"column":31},"end":{"line":77,"column":null}},"33":{"start":{"line":80,"column":10},"end":{"line":80,"column":null}},"34":{"start":{"line":81,"column":10},"end":{"line":81,"column":null}},"35":{"start":{"line":83,"column":40},"end":{"line":83,"column":56}},"36":{"start":{"line":84,"column":10},"end":{"line":88,"column":null}},"37":{"start":{"line":89,"column":10},"end":{"line":91,"column":null}},"38":{"start":{"line":90,"column":12},"end":{"line":90,"column":null}},"39":{"start":{"line":94,"column":8},"end":{"line":94,"column":null}},"40":{"start":{"line":98,"column":4},"end":{"line":98,"column":null}},"41":{"start":{"line":100,"column":10},"end":{"line":100,"column":45}},"42":{"start":{"line":100,"column":31},"end":{"line":100,"column":45}},"43":{"start":{"line":101,"column":4},"end":{"line":101,"column":null}},"44":{"start":{"line":103,"column":4},"end":{"line":111,"column":null}},"45":{"start":{"line":104,"column":6},"end":{"line":104,"column":null}},"46":{"start":{"line":105,"column":6},"end":{"line":105,"column":null}},"47":{"start":{"line":105,"column":26},"end":{"line":105,"column":null}},"48":{"start":{"line":106,"column":6},"end":{"line":106,"column":null}},"49":{"start":{"line":106,"column":26},"end":{"line":106,"column":null}},"50":{"start":{"line":107,"column":6},"end":{"line":107,"column":null}},"51":{"start":{"line":107,"column":28},"end":{"line":107,"column":null}},"52":{"start":{"line":108,"column":6},"end":{"line":109,"column":null}},"53":{"start":{"line":109,"column":8},"end":{"line":109,"column":null}},"54":{"start":{"line":111,"column":6},"end":{"line":111,"column":null}},"55":{"start":{"line":115,"column":2},"end":{"line":148,"column":null}}},"fnMap":{"0":{"name":"(anonymous_0)","decl":{"start":{"line":17,"column":6},"end":{"line":17,"column":43}},"loc":{"start":{"line":17,"column":83},"end":{"line":148,"column":null}},"line":17},"1":{"name":"(anonymous_1)","decl":{"start":{"line":23,"column":2},"end":{"line":23,"column":18}},"loc":{"start":{"line":23,"column":18},"end":{"line":113,"column":6}},"line":23},"2":{"name":"(anonymous_2)","decl":{"start":{"line":51,"column":25},"end":{"line":51,"column":37}},"loc":{"start":{"line":51,"column":37},"end":{"line":94,"column":null}},"line":51},"3":{"name":"(anonymous_3)","decl":{"start":{"line":62,"column":65},"end":{"line":62,"column":73}},"loc":{"start":{"line":62,"column":83},"end":{"line":64,"column":null}},"line":62},"4":{"name":"(anonymous_4)","decl":{"start":{"line":66,"column":66},"end":{"line":66,"column":74}},"loc":{"start":{"line":66,"column":84},"end":{"line":74,"column":null}},"line":66},"5":{"name":"(anonymous_5)","decl":{"start":{"line":76,"column":34},"end":{"line":76,"column":42}},"loc":{"start":{"line":76,"column":51},"end":{"line":78,"column":null}},"line":76},"6":{"name":"(anonymous_6)","decl":{"start":{"line":89,"column":60},"end":{"line":89,"column":70}},"loc":{"start":{"line":89,"column":80},"end":{"line":91,"column":null}},"line":89},"7":{"name":"(anonymous_7)","decl":{"start":{"line":100,"column":10},"end":{"line":100,"column":31}},"loc":{"start":{"line":100,"column":31},"end":{"line":100,"column":45}},"line":100},"8":{"name":"(anonymous_8)","decl":{"start":{"line":103,"column":4},"end":{"line":103,"column":17}},"loc":{"start":{"line":103,"column":17},"end":{"line":111,"column":null}},"line":103}},"branchMap":{"0":{"loc":{"start":{"line":24,"column":4},"end":{"line":24,"column":null}},"type":"if","locations":[{"start":{"line":24,"column":4},"end":{"line":24,"column":null}},{"start":{},"end":{}}],"line":24},"1":{"loc":{"start":{"line":45,"column":83},"end":{"line":45,"column":129}},"type":"cond-expr","locations":[{"start":{"line":45,"column":95},"end":{"line":45,"column":126}},{"start":{"line":45,"column":126},"end":{"line":45,"column":129}}],"line":45},"2":{"loc":{"start":{"line":54,"column":8},"end":{"line":91,"column":null}},"type":"if","locations":[{"start":{"line":54,"column":8},"end":{"line":91,"column":null}},{"start":{"line":82,"column":15},"end":{"line":91,"column":null}}],"line":54},"3":{"loc":{"start":{"line":58,"column":27},"end":{"line":58,"column":null}},"type":"binary-expr","locations":[{"start":{"line":58,"column":27},"end":{"line":58,"column":40}},{"start":{"line":58,"column":40},"end":{"line":58,"column":null}}],"line":58},"4":{"loc":{"start":{"line":63,"column":12},"end":{"line":63,"column":null}},"type":"if","locations":[{"start":{"line":63,"column":12},"end":{"line":63,"column":null}},{"start":{},"end":{}}],"line":63},"5":{"loc":{"start":{"line":67,"column":12},"end":{"line":72,"column":null}},"type":"if","locations":[{"start":{"line":67,"column":12},"end":{"line":72,"column":null}},{"start":{"line":70,"column":19},"end":{"line":72,"column":null}}],"line":67},"6":{"loc":{"start":{"line":77,"column":12},"end":{"line":77,"column":null}},"type":"if","locations":[{"start":{"line":77,"column":12},"end":{"line":77,"column":null}},{"start":{},"end":{}}],"line":77},"7":{"loc":{"start":{"line":87,"column":27},"end":{"line":87,"column":null}},"type":"binary-expr","locations":[{"start":{"line":87,"column":27},"end":{"line":87,"column":40}},{"start":{"line":87,"column":40},"end":{"line":87,"column":null}}],"line":87},"8":{"loc":{"start":{"line":105,"column":6},"end":{"line":105,"column":null}},"type":"if","locations":[{"start":{"line":105,"column":6},"end":{"line":105,"column":null}},{"start":{},"end":{}}],"line":105},"9":{"loc":{"start":{"line":106,"column":6},"end":{"line":106,"column":null}},"type":"if","locations":[{"start":{"line":106,"column":6},"end":{"line":106,"column":null}},{"start":{},"end":{}}],"line":106},"10":{"loc":{"start":{"line":107,"column":6},"end":{"line":107,"column":null}},"type":"if","locations":[{"start":{"line":107,"column":6},"end":{"line":107,"column":null}},{"start":{},"end":{}}],"line":107},"11":{"loc":{"start":{"line":108,"column":6},"end":{"line":109,"column":null}},"type":"if","locations":[{"start":{"line":108,"column":6},"end":{"line":109,"column":null}},{"start":{},"end":{}}],"line":108},"12":{"loc":{"start":{"line":132,"column":15},"end":{"line":132,"column":null}},"type":"cond-expr","locations":[{"start":{"line":132,"column":33},"end":{"line":132,"column":88}},{"start":{"line":132,"column":87},"end":{"line":132,"column":null}}],"line":132},"13":{"loc":{"start":{"line":134,"column":15},"end":{"line":134,"column":null}},"type":"binary-expr","locations":[{"start":{"line":134,"column":15},"end":{"line":134,"column":28}},{"start":{"line":134,"column":28},"end":{"line":134,"column":null}}],"line":134},"14":{"loc":{"start":{"line":138,"column":13},"end":{"line":139,"column":13}},"type":"binary-expr","locations":[{"start":{"line":138,"column":13},"end":{"line":138,"column":29}},{"start":{"line":138,"column":29},"end":{"line":139,"column":13}}],"line":138}},"s":{"0":1,"1":2,"2":2,"3":2,"4":2,"5":2,"6":2,"7":0,"8":2,"9":2,"10":2,"11":2,"12":2,"13":2,"14":2,"15":2,"16":2,"17":2,"18":2,"19":2,"20":2,"21":2,"22":0,"23":0,"24":2,"25":0,"26":0,"27":0,"28":0,"29":0,"30":2,"31":0,"32":0,"33":2,"34":2,"35":0,"36":0,"37":0,"38":0,"39":0,"40":2,"41":2,"42":0,"43":2,"44":2,"45":2,"46":2,"47":0,"48":2,"49":0,"50":2,"51":2,"52":2,"53":2,"54":2,"55":2},"f":{"0":2,"1":2,"2":2,"3":0,"4":0,"5":0,"6":0,"7":0,"8":2},"b":{"0":[0,2],"1":[0,2],"2":[2,0],"3":[2,2],"4":[0,0],"5":[0,0],"6":[0,0],"7":[0,0],"8":[0,2],"9":[0,2],"10":[2,0],"11":[2,0],"12":[2,0],"13":[2,0],"14":[2,0]},"meta":{"lastBranch":15,"lastFunction":9,"lastStatement":56,"seen":{"s:17:6:148:Infinity":0,"f:17:6:17:43":0,"s:18:8:18:50":1,"s:19:8:19:45":2,"s:20:8:20:50":3,"s:21:23:21:57":4,"s:23:2:113:Infinity":5,"f:23:2:23:18":1,"b:24:4:24:Infinity:undefined:undefined:undefined:undefined":0,"s:24:4:24:Infinity":6,"s:24:30:24:Infinity":7,"s:26:17:37:6":8,"s:39:21:39:35":9,"s:40:4:40:Infinity":10,"s:41:4:41:Infinity":11,"s:42:4:42:Infinity":12,"s:43:4:43:Infinity":13,"s:45:4:45:Infinity":14,"b:45:95:45:126:45:126:45:129":1,"s:51:25:94:Infinity":15,"f:51:25:51:37":2,"s:52:6:94:Infinity":16,"s:53:38:53:54":17,"b:54:8:91:Infinity:82:15:91:Infinity":2,"s:54:8:91:Infinity":18,"s:55:22:59:12":19,"b:58:27:58:40:58:40:58:Infinity":3,"s:60:10:60:Infinity":20,"s:62:10:64:Infinity":21,"f:62:65:62:73":3,"b:63:12:63:Infinity:undefined:undefined:undefined:undefined":4,"s:63:12:63:Infinity":22,"s:63:46:63:Infinity":23,"s:66:10:74:Infinity":24,"f:66:66:66:74":4,"b:67:12:72:Infinity:70:19:72:Infinity":5,"s:67:12:72:Infinity":25,"s:68:14:68:Infinity":26,"s:69:14:69:Infinity":27,"s:71:14:71:Infinity":28,"s:72:14:72:Infinity":29,"s:76:10:78:Infinity":30,"f:76:34:76:42":5,"b:77:12:77:Infinity:undefined:undefined:undefined:undefined":6,"s:77:12:77:Infinity":31,"s:77:31:77:Infinity":32,"s:80:10:80:Infinity":33,"s:81:10:81:Infinity":34,"s:83:40:83:56":35,"s:84:10:88:Infinity":36,"b:87:27:87:40:87:40:87:Infinity":7,"s:89:10:91:Infinity":37,"f:89:60:89:70":6,"s:90:12:90:Infinity":38,"s:94:8:94:Infinity":39,"s:98:4:98:Infinity":40,"s:100:10:100:45":41,"f:100:10:100:31":7,"s:100:31:100:45":42,"s:101:4:101:Infinity":43,"s:103:4:111:Infinity":44,"f:103:4:103:17":8,"s:104:6:104:Infinity":45,"b:105:6:105:Infinity:undefined:undefined:undefined:undefined":8,"s:105:6:105:Infinity":46,"s:105:26:105:Infinity":47,"b:106:6:106:Infinity:undefined:undefined:undefined:undefined":9,"s:106:6:106:Infinity":48,"s:106:26:106:Infinity":49,"b:107:6:107:Infinity:undefined:undefined:undefined:undefined":10,"s:107:6:107:Infinity":50,"s:107:28:107:Infinity":51,"b:108:6:109:Infinity:undefined:undefined:undefined:undefined":11,"s:108:6:109:Infinity":52,"s:109:8:109:Infinity":53,"s:111:6:111:Infinity":54,"s:115:2:148:Infinity":55,"b:132:33:132:88:132:87:132:Infinity":12,"b:134:15:134:28:134:28:134:Infinity":13,"b:138:13:138:29:138:29:139:13":14}}}
,"/home/cjs/local/palantir/frontend/src/pages/ResourcesPage.tsx": {"path":"/home/cjs/local/palantir/frontend/src/pages/ResourcesPage.tsx","statementMap":{"0":{"start":{"line":20,"column":6},"end":{"line":122,"column":null}},"1":{"start":{"line":21,"column":20},"end":{"line":21,"column":64}},"2":{"start":{"line":22,"column":18},"end":{"line":22,"column":46}},"3":{"start":{"line":24,"column":25},"end":{"line":38,"column":null}},"4":{"start":{"line":25,"column":4},"end":{"line":25,"column":null}},"5":{"start":{"line":26,"column":4},"end":{"line":38,"column":null}},"6":{"start":{"line":27,"column":19},"end":{"line":32,"column":8}},"7":{"start":{"line":33,"column":6},"end":{"line":33,"column":null}},"8":{"start":{"line":35,"column":6},"end":{"line":35,"column":null}},"9":{"start":{"line":36,"column":6},"end":{"line":36,"column":null}},"10":{"start":{"line":38,"column":6},"end":{"line":38,"column":null}},"11":{"start":{"line":42,"column":2},"end":{"line":44,"column":null}},"12":{"start":{"line":43,"column":4},"end":{"line":43,"column":null}},"13":{"start":{"line":46,"column":2},"end":{"line":122,"column":null}},"14":{"start":{"line":79,"column":35},"end":{"line":79,"column":71}},"15":{"start":{"line":80,"column":16},"end":{"line":111,"column":null}},"16":{"start":{"line":84,"column":35},"end":{"line":84,"column":72}}},"fnMap":{"0":{"name":"(anonymous_0)","decl":{"start":{"line":20,"column":6},"end":{"line":20,"column":23}},"loc":{"start":{"line":20,"column":93},"end":{"line":122,"column":null}},"line":20},"1":{"name":"(anonymous_1)","decl":{"start":{"line":24,"column":25},"end":{"line":24,"column":37}},"loc":{"start":{"line":24,"column":37},"end":{"line":38,"column":null}},"line":24},"2":{"name":"(anonymous_2)","decl":{"start":{"line":42,"column":2},"end":{"line":42,"column":18}},"loc":{"start":{"line":42,"column":18},"end":{"line":44,"column":6}},"line":42},"3":{"name":"(anonymous_3)","decl":{"start":{"line":78,"column":25},"end":{"line":78,"column":30}},"loc":{"start":{"line":78,"column":38},"end":{"line":111,"column":null}},"line":78},"4":{"name":"(anonymous_4)","decl":{"start":{"line":84,"column":20},"end":{"line":84,"column":35}},"loc":{"start":{"line":84,"column":35},"end":{"line":84,"column":72}},"line":84}},"branchMap":{"0":{"loc":{"start":{"line":61,"column":42},"end":{"line":61,"column":88}},"type":"cond-expr","locations":[{"start":{"line":61,"column":52},"end":{"line":61,"column":82}},{"start":{"line":61,"column":82},"end":{"line":61,"column":88}}],"line":61},"1":{"loc":{"start":{"line":83,"column":70},"end":{"line":83,"column":null}},"type":"cond-expr","locations":[{"start":{"line":83,"column":83},"end":{"line":83,"column":128}},{"start":{"line":83,"column":128},"end":{"line":83,"column":null}}],"line":83},"2":{"loc":{"start":{"line":84,"column":35},"end":{"line":84,"column":72}},"type":"binary-expr","locations":[{"start":{"line":84,"column":35},"end":{"line":84,"column":50}},{"start":{"line":84,"column":50},"end":{"line":84,"column":72}}],"line":84},"3":{"loc":{"start":{"line":89,"column":27},"end":{"line":89,"column":null}},"type":"cond-expr","locations":[{"start":{"line":89,"column":40},"end":{"line":89,"column":103}},{"start":{"line":89,"column":102},"end":{"line":89,"column":null}}],"line":89},"4":{"loc":{"start":{"line":92,"column":92},"end":{"line":92,"column":165}},"type":"cond-expr","locations":[{"start":{"line":92,"column":105},"end":{"line":92,"column":122}},{"start":{"line":92,"column":122},"end":{"line":92,"column":165}}],"line":92},"5":{"loc":{"start":{"line":104,"column":64},"end":{"line":104,"column":127}},"type":"cond-expr","locations":[{"start":{"line":104,"column":77},"end":{"line":104,"column":106}},{"start":{"line":104,"column":106},"end":{"line":104,"column":127}}],"line":104},"6":{"loc":{"start":{"line":105,"column":89},"end":{"line":105,"column":139}},"type":"cond-expr","locations":[{"start":{"line":105,"column":102},"end":{"line":105,"column":119}},{"start":{"line":105,"column":119},"end":{"line":105,"column":139}}],"line":105},"7":{"loc":{"start":{"line":105,"column":139},"end":{"line":105,"column":186}},"type":"cond-expr","locations":[{"start":{"line":105,"column":152},"end":{"line":105,"column":168}},{"start":{"line":105,"column":168},"end":{"line":105,"column":186}}],"line":105},"8":{"loc":{"start":{"line":116,"column":11},"end":{"line":119,"column":null}},"type":"binary-expr","locations":[{"start":{"line":116,"column":11},"end":{"line":116,"column":37}},{"start":{"line":116,"column":37},"end":{"line":116,"column":null}},{"start":{"line":117,"column":12},"end":{"line":119,"column":null}}],"line":116}},"s":{"0":1,"1":2,"2":2,"3":2,"4":1,"5":1,"6":1,"7":1,"8":0,"9":0,"10":1,"11":2,"12":1,"13":2,"14":1,"15":1,"16":0},"f":{"0":2,"1":1,"2":1,"3":1,"4":0},"b":{"0":[1,1],"1":[0,1],"2":[0,0],"3":[0,1],"4":[0,1],"5":[0,1],"6":[0,1],"7":[0,1],"8":[2,1,0]},"meta":{"lastBranch":9,"lastFunction":5,"lastStatement":17,"seen":{"s:20:6:122:Infinity":0,"f:20:6:20:23":0,"s:21:20:21:64":1,"s:22:18:22:46":2,"s:24:25:38:Infinity":3,"f:24:25:24:37":1,"s:25:4:25:Infinity":4,"s:26:4:38:Infinity":5,"s:27:19:32:8":6,"s:33:6:33:Infinity":7,"s:35:6:35:Infinity":8,"s:36:6:36:Infinity":9,"s:38:6:38:Infinity":10,"s:42:2:44:Infinity":11,"f:42:2:42:18":2,"s:43:4:43:Infinity":12,"s:46:2:122:Infinity":13,"b:61:52:61:82:61:82:61:88":0,"f:78:25:78:30":3,"s:79:35:79:71":14,"s:80:16:111:Infinity":15,"b:83:83:83:128:83:128:83:Infinity":1,"f:84:20:84:35":4,"s:84:35:84:72":16,"b:84:35:84:50:84:50:84:72":2,"b:89:40:89:103:89:102:89:Infinity":3,"b:92:105:92:122:92:122:92:165":4,"b:104:77:104:106:104:106:104:127":5,"b:105:102:105:119:105:119:105:139":6,"b:105:152:105:168:105:168:105:186":7,"b:116:11:116:37:116:37:116:Infinity:117:12:119:Infinity":8}}}
}
